[20Jul2026 21:23:28.954] [main/INFO] [cpw.mods.modlauncher.Launcher/MODLAUNCHER]: ModLauncher running: args [--launchTarget, neoforgeclientdev, --version, 21.8.31, --assetIndex, 26, --assetsDir, C:\\Users\\Asus\\.mcreator\\gradle\\caches\\neoformruntime\\assets, --fml.fmlVersion, 9.0.16, --fml.mcVersion, 1.21.8, --fml.neoForgeVersion, 21.8.31, --fml.neoFormVersion, 20250717.133445]
[20Jul2026 21:23:28.958] [main/INFO] [cpw.mods.modlauncher.Launcher/MODLAUNCHER]: JVM identified as JetBrains s.r.o. OpenJDK 64-Bit Server VM 21.0.10+1-b1163.105
[20Jul2026 21:23:28.959] [main/INFO] [cpw.mods.modlauncher.Launcher/MODLAUNCHER]: ModLauncher 9.0 starting: java version 21.0.10 by JetBrains s.r.o.; OS Windows 10 arch amd64 version 10.0
[20Jul2026 21:23:29.095] [main/INFO] [net.neoforged.fml.loading.ImmediateWindowHandler/]: Loading ImmediateWindowProvider fmlearlywindow
[20Jul2026 21:23:29.768] [main/INFO] [mixin/]: SpongePowered MIXIN Subsystem Version=0.8.7 Source=union:/C:/Users/Asus/.mcreator/gradle/caches/modules-2/files-2.1/net.fabricmc/sponge-mixin/0.15.2+mixin.0.8.7/2af2f021d8e02a0220dc27a7a72b4666d66d44ca/sponge-mixin-0.15.2+mixin.0.8.7.jar%23157!/ Service=ModLauncher Env=CLIENT
[20Jul2026 21:23:29.871] [fml-loadingscreen/INFO] [net.neoforged.fml.earlydisplay.render.LoadingScreenRenderer/]: GL info: AMD Radeon(TM) Graphics GL version 3.2.13596 Core Profile Forward-Compatible Context 20.10.32.06 27.20.11032.6002, ATI Technologies Inc.
[20Jul2026 21:23:30.329] [main/INFO] [net.neoforged.fml.loading.moddiscovery.locators.JarInJarDependencyLocator/]: Found 2 dependencies adding them to mods collection
[20Jul2026 21:23:30.332] [main/INFO] [net.neoforged.fml.loading.moddiscovery.ModDiscoverer/]: 
     Mod List:
		Name Version (Mod Id)

		Minecraft 1.21.8 (minecraft)
		Mishmash 0.3.4 (extra_building_blocks)
		NeoForge 21.8.31 (neoforge)
[20Jul2026 21:23:31.396] [main/INFO] [mixin/]: Compatibility level set to JAVA_21
[20Jul2026 21:23:31.410] [main/INFO] [cpw.mods.modlauncher.LaunchServiceHandler/MODLAUNCHER]: Launching target 'neoforgeclientdev' with arguments [--version, 21.8.31, --assetsDir, C:\Users\Asus\.mcreator\gradle\caches\neoformruntime\assets, --assetIndex, 26]
[20Jul2026 21:23:33.550] [Datafixer Bootstrap/INFO] [com.mojang.datafixers.DataFixerBuilder/]: 272 Datafixer optimizations took 465 milliseconds
[20Jul2026 21:23:33.619] [pool-6-thread-1/INFO] [MixinExtras|Service/]: Initializing MixinExtras via com.llamalad7.mixinextras.service.MixinExtrasServiceImpl(version=0.5.0).
[20Jul2026 21:23:39.447] [main/WARN] [net.minecraft.commands.Commands/]: Ambiguity between arguments [teleport, location] and [teleport, destination] with inputs: [0.1 -0.5 .9, 0 0 0]
[20Jul2026 21:23:39.448] [main/WARN] [net.minecraft.commands.Commands/]: Ambiguity between arguments [teleport, location] and [teleport, targets] with inputs: [0.1 -0.5 .9, 0 0 0]
[20Jul2026 21:23:39.452] [main/WARN] [net.minecraft.commands.Commands/]: Ambiguity between arguments [teleport, destination] and [teleport, targets] with inputs: [Player, 0123, @e, dd12be42-52a9-4a91-a8a1-11c01849e498]
[20Jul2026 21:23:39.453] [main/WARN] [net.minecraft.commands.Commands/]: Ambiguity between arguments [teleport, targets] and [teleport, destination] with inputs: [Player, 0123, dd12be42-52a9-4a91-a8a1-11c01849e498]
[20Jul2026 21:23:39.456] [main/WARN] [net.minecraft.commands.Commands/]: Ambiguity between arguments [teleport, targets, location] and [teleport, targets, destination] with inputs: [0.1 -0.5 .9, 0 0 0]
[20Jul2026 21:23:39.459] [main/WARN] [net.minecraft.commands.Commands/]: Ambiguity between arguments [waypoint, modify, waypoint, color, reset] and [waypoint, modify, waypoint, color, color] with inputs: [reset]
[20Jul2026 21:23:39.539] [modloading-worker-0/INFO] [net.neoforged.neoforge.common.NeoForgeMod/NEOFORGE-MOD]: NeoForge mod loading, version 21.8.31, for MC 1.21.8
[20Jul2026 21:23:40.934] [Render thread/WARN] [net.minecraft.server.packs.VanillaPackResourcesBuilder/]: Assets URL 'union:/C:/Users/Asus/MCreatorWorkspaces/mishmashbackup/build/moddev/artifacts/neoforge-21.8.31.jar%23212!/assets/.mcassetsroot' uses unexpected schema
[20Jul2026 21:23:40.935] [Render thread/WARN] [net.minecraft.server.packs.VanillaPackResourcesBuilder/]: Assets URL 'union:/C:/Users/Asus/MCreatorWorkspaces/mishmashbackup/build/moddev/artifacts/neoforge-21.8.31.jar%23212!/data/.mcassetsroot' uses unexpected schema
[20Jul2026 21:23:40.965] [Render thread/INFO] [com.mojang.authlib.yggdrasil.YggdrasilAuthenticationService/]: Environment: Environment[sessionHost=https://sessionserver.mojang.com, servicesHost=https://api.minecraftservices.com, name=PROD]
[20Jul2026 21:23:40.973] [Render thread/INFO] [net.minecraft.client.Minecraft/]: Setting user: Dev
[20Jul2026 21:23:41.098] [Render thread/INFO] [net.minecraft.client.Minecraft/]: Backend library: LWJGL version 3.3.3+5
[20Jul2026 21:23:41.195] [Render thread/INFO] [net.minecraft.client.Minecraft/]: Using optional rendering extensions: GL_ARB_buffer_storage, GL_KHR_debug, GL_ARB_vertex_attrib_binding, GL_ARB_direct_state_access
[20Jul2026 21:23:42.060] [Render thread/INFO] [net.minecraft.server.packs.resources.ReloadableResourceManager/]: Reloading ResourceManager: vanilla, mod_resources, mod/neoforge, mod/extra_building_blocks
[20Jul2026 21:23:42.172] [resourceLoad/INFO] [net.minecraft.client.gui.font.providers.UnihexProvider/]: Found unifont_pua-16.0.03.hex, loading
[20Jul2026 21:23:42.174] [resourceLoad/INFO] [net.minecraft.client.gui.font.providers.UnihexProvider/]: Found unifont_all_no_pua-16.0.03.hex, loading
[20Jul2026 21:23:42.333] [resourceLoad/ERROR] [net.minecraft.Util/]: Invalid path in pack: extra_building_blocks:models/custom/cactuswoodNEW.json, ignoring
[20Jul2026 21:23:42.336] [resourceLoad/ERROR] [net.minecraft.Util/]: Invalid path in pack: extra_building_blocks:models/custom/model_(15).json, ignoring
[20Jul2026 21:23:42.337] [resourceLoad/ERROR] [net.minecraft.Util/]: Invalid path in pack: extra_building_blocks:models/custom/model_(16).json, ignoring
[20Jul2026 21:23:42.337] [resourceLoad/ERROR] [net.minecraft.Util/]: Invalid path in pack: extra_building_blocks:models/custom/model_(17).json, ignoring
[20Jul2026 21:23:42.338] [resourceLoad/ERROR] [net.minecraft.Util/]: Invalid path in pack: extra_building_blocks:models/custom/model_(7).json, ignoring
[20Jul2026 21:23:42.339] [resourceLoad/ERROR] [net.minecraft.Util/]: Invalid path in pack: extra_building_blocks:models/custom/oil_lamp_(8).json, ignoring
[20Jul2026 21:23:42.401] [resourceLoad/INFO] [net.minecraft.client.gui.font.providers.UnihexProvider/]: Found unifont_jp_patch-16.0.03.hex, loading
[20Jul2026 21:23:42.663] [resourceLoad/WARN] [net.minecraft.client.renderer.texture.SpriteLoader/]: Texture extra_building_blocks:block/new_piskel_63 with size 2x16 limits mip level from 2 to 1
[20Jul2026 21:23:43.008] [resourceLoad/WARN] [net.minecraft.client.resources.model.ModelDiscovery/]: Missing block model: extra_building_blocks:item/echo_crystal_interior_spawn_egg
[20Jul2026 21:23:43.013] [resourceLoad/WARN] [net.minecraft.client.resources.model.ModelDiscovery/]: Missing block model: minecraft:blocks/stone
[20Jul2026 21:23:43.388] [resourceLoad/WARN] [net.minecraft.client.resources.model.ModelManager/]: Missing textures in model extra_building_blocks:item/gray_lace_carpet:
    minecraft:textures/atlas/blocks.png:extra_building_blocks:block/
[20Jul2026 21:23:43.388] [resourceLoad/WARN] [net.minecraft.client.resources.model.ModelManager/]: Missing textures in model extra_building_blocks:item/green_lace_carpet:
    minecraft:textures/atlas/blocks.png:extra_building_blocks:block/
[20Jul2026 21:23:43.389] [resourceLoad/WARN] [net.minecraft.client.resources.model.ModelManager/]: Missing textures in model extra_building_blocks:block/cyan_lace_carpet:
    minecraft:textures/atlas/blocks.png:extra_building_blocks:block/
[20Jul2026 21:23:43.389] [resourceLoad/WARN] [net.minecraft.client.resources.model.ModelManager/]: Missing textures in model extra_building_blocks:block/lime_lace_carpet:
    minecraft:textures/atlas/blocks.png:extra_building_blocks:block/
[20Jul2026 21:23:43.389] [resourceLoad/WARN] [net.minecraft.client.resources.model.ModelManager/]: Missing textures in model extra_building_blocks:block/yellow_lace_carpet:
    minecraft:textures/atlas/blocks.png:extra_building_blocks:block/
[20Jul2026 21:23:43.389] [resourceLoad/WARN] [net.minecraft.client.resources.model.ModelManager/]: Missing textures in model extra_building_blocks:block/green_lace_carpet:
    minecraft:textures/atlas/blocks.png:extra_building_blocks:block/
[20Jul2026 21:23:43.389] [resourceLoad/WARN] [net.minecraft.client.resources.model.ModelManager/]: Missing textures in model extra_building_blocks:item/light_gray_lace_carpet:
    minecraft:textures/atlas/blocks.png:extra_building_blocks:block/
[20Jul2026 21:23:43.389] [resourceLoad/WARN] [net.minecraft.client.resources.model.ModelManager/]: Missing textures in model extra_building_blocks:block/white_lace_carpet:
    minecraft:textures/atlas/blocks.png:extra_building_blocks:block/
[20Jul2026 21:23:43.389] [resourceLoad/WARN] [net.minecraft.client.resources.model.ModelManager/]: Missing textures in model extra_building_blocks:block/light_gray_lace_carpet:
    minecraft:textures/atlas/blocks.png:extra_building_blocks:block/
[20Jul2026 21:23:43.389] [resourceLoad/WARN] [net.minecraft.client.resources.model.ModelManager/]: Missing textures in model extra_building_blocks:item/magenta_lace_carpet:
    minecraft:textures/atlas/blocks.png:extra_building_blocks:block/
[20Jul2026 21:23:43.389] [resourceLoad/WARN] [net.minecraft.client.resources.model.ModelManager/]: Missing textures in model extra_building_blocks:block/magenta_lace_carpet:
    minecraft:textures/atlas/blocks.png:extra_building_blocks:block/
[20Jul2026 21:23:43.390] [resourceLoad/WARN] [net.minecraft.client.resources.model.ModelManager/]: Missing textures in model extra_building_blocks:block/train_lace_carpet:
    minecraft:textures/atlas/blocks.png:extra_building_blocks:block/
[20Jul2026 21:23:43.390] [resourceLoad/WARN] [net.minecraft.client.resources.model.ModelManager/]: Missing textures in model extra_building_blocks:item/light_blue_lace_carpet:
    minecraft:textures/atlas/blocks.png:extra_building_blocks:block/
[20Jul2026 21:23:43.390] [resourceLoad/WARN] [net.minecraft.client.resources.model.ModelManager/]: Missing textures in model extra_building_blocks:block/purple_lace_carpet:
    minecraft:textures/atlas/blocks.png:extra_building_blocks:block/
[20Jul2026 21:23:43.390] [resourceLoad/WARN] [net.minecraft.client.resources.model.ModelManager/]: Missing textures in model extra_building_blocks:block/blue_lace_carpet:
    minecraft:textures/atlas/blocks.png:extra_building_blocks:block/
[20Jul2026 21:23:43.390] [resourceLoad/WARN] [net.minecraft.client.resources.model.ModelManager/]: Missing textures in model extra_building_blocks:item/train_lace_carpet:
    minecraft:textures/atlas/blocks.png:extra_building_blocks:block/
[20Jul2026 21:23:43.390] [resourceLoad/WARN] [net.minecraft.client.resources.model.ModelManager/]: Missing textures in model extra_building_blocks:block/pink_lace_carpet:
    minecraft:textures/atlas/blocks.png:extra_building_blocks:block/
[20Jul2026 21:23:43.390] [resourceLoad/WARN] [net.minecraft.client.resources.model.ModelManager/]: Missing textures in model extra_building_blocks:item/blue_lace_carpet:
    minecraft:textures/atlas/blocks.png:extra_building_blocks:block/
[20Jul2026 21:23:43.390] [resourceLoad/WARN] [net.minecraft.client.resources.model.ModelManager/]: Missing textures in model extra_building_blocks:item/purple_lace_carpet:
    minecraft:textures/atlas/blocks.png:extra_building_blocks:block/
[20Jul2026 21:23:43.390] [resourceLoad/WARN] [net.minecraft.client.resources.model.ModelManager/]: Missing textures in model extra_building_blocks:item/cyan_lace_carpet:
    minecraft:textures/atlas/blocks.png:extra_building_blocks:block/
[20Jul2026 21:23:43.390] [resourceLoad/WARN] [net.minecraft.client.resources.model.ModelManager/]: Missing textures in model extra_building_blocks:item/lime_lace_carpet:
    minecraft:textures/atlas/blocks.png:extra_building_blocks:block/
[20Jul2026 21:23:43.390] [resourceLoad/WARN] [net.minecraft.client.resources.model.ModelManager/]: Missing textures in model extra_building_blocks:item/brown_lace_carpet:
    minecraft:textures/atlas/blocks.png:extra_building_blocks:block/
[20Jul2026 21:23:43.390] [resourceLoad/WARN] [net.minecraft.client.resources.model.ModelManager/]: Missing textures in model extra_building_blocks:item/black_lace_carpet:
    minecraft:textures/atlas/blocks.png:extra_building_blocks:block/
[20Jul2026 21:23:43.390] [resourceLoad/WARN] [net.minecraft.client.resources.model.ModelManager/]: Missing textures in model extra_building_blocks:block/gray_lace_carpet:
    minecraft:textures/atlas/blocks.png:extra_building_blocks:block/
[20Jul2026 21:23:43.390] [resourceLoad/WARN] [net.minecraft.client.resources.model.ModelManager/]: Missing textures in model extra_building_blocks:item/pink_lace_carpet:
    minecraft:textures/atlas/blocks.png:extra_building_blocks:block/
[20Jul2026 21:23:43.391] [resourceLoad/WARN] [net.minecraft.client.resources.model.ModelManager/]: Missing textures in model extra_building_blocks:item/red_lace_carpet:
    minecraft:textures/atlas/blocks.png:extra_building_blocks:block/
[20Jul2026 21:23:43.391] [resourceLoad/WARN] [net.minecraft.client.resources.model.ModelManager/]: Missing textures in model extra_building_blocks:block/light_blue_lace_carpet:
    minecraft:textures/atlas/blocks.png:extra_building_blocks:block/
[20Jul2026 21:23:43.391] [resourceLoad/WARN] [net.minecraft.client.resources.model.ModelManager/]: Missing textures in model extra_building_blocks:item/white_lace_carpet:
    minecraft:textures/atlas/blocks.png:extra_building_blocks:block/
[20Jul2026 21:23:43.391] [resourceLoad/WARN] [net.minecraft.client.resources.model.ModelManager/]: Missing textures in model extra_building_blocks:block/orange_lace_carpet:
    minecraft:textures/atlas/blocks.png:extra_building_blocks:block/
[20Jul2026 21:23:43.391] [resourceLoad/WARN] [net.minecraft.client.resources.model.ModelManager/]: Missing textures in model extra_building_blocks:item/orange_lace_carpet:
    minecraft:textures/atlas/blocks.png:extra_building_blocks:block/
[20Jul2026 21:23:43.391] [resourceLoad/WARN] [net.minecraft.client.resources.model.ModelManager/]: Missing textures in model extra_building_blocks:block/brown_lace_carpet:
    minecraft:textures/atlas/blocks.png:extra_building_blocks:block/
[20Jul2026 21:23:43.391] [resourceLoad/WARN] [net.minecraft.client.resources.model.ModelManager/]: Missing textures in model extra_building_blocks:block/red_lace_carpet:
    minecraft:textures/atlas/blocks.png:extra_building_blocks:block/
[20Jul2026 21:23:43.391] [resourceLoad/WARN] [net.minecraft.client.resources.model.ModelManager/]: Missing textures in model extra_building_blocks:block/black_lace_carpet:
    minecraft:textures/atlas/blocks.png:extra_building_blocks:block/
[20Jul2026 21:23:43.391] [resourceLoad/WARN] [net.minecraft.client.resources.model.ModelManager/]: Missing textures in model extra_building_blocks:item/yellow_lace_carpet:
    minecraft:textures/atlas/blocks.png:extra_building_blocks:block/
[20Jul2026 21:23:43.848] [Render thread/INFO] [com.mojang.blaze3d.audio.Library/]: OpenAL initialized on device OpenAL Soft on Headphones (JBL TUNE760NC Stereo)
[20Jul2026 21:23:43.849] [Render thread/INFO] [net.minecraft.client.sounds.SoundEngine/SOUNDS]: Sound engine started
[20Jul2026 21:23:43.941] [Render thread/INFO] [net.minecraft.client.renderer.texture.TextureAtlas/]: Created: 1024x1024x2 minecraft:textures/atlas/blocks.png-atlas
[20Jul2026 21:23:44.012] [Render thread/INFO] [net.minecraft.client.renderer.texture.TextureAtlas/]: Created: 256x256x2 minecraft:textures/atlas/signs.png-atlas
[20Jul2026 21:23:44.013] [Render thread/INFO] [net.minecraft.client.renderer.texture.TextureAtlas/]: Created: 512x512x2 minecraft:textures/atlas/shield_patterns.png-atlas
[20Jul2026 21:23:44.016] [Render thread/INFO] [net.minecraft.client.renderer.texture.TextureAtlas/]: Created: 512x512x2 minecraft:textures/atlas/banner_patterns.png-atlas
[20Jul2026 21:23:44.019] [Render thread/INFO] [net.minecraft.client.renderer.texture.TextureAtlas/]: Created: 2048x1024x2 minecraft:textures/atlas/armor_trims.png-atlas
[20Jul2026 21:23:44.037] [Render thread/INFO] [net.minecraft.client.renderer.texture.TextureAtlas/]: Created: 128x64x2 minecraft:textures/atlas/decorated_pot.png-atlas
[20Jul2026 21:23:44.038] [Render thread/INFO] [net.minecraft.client.renderer.texture.TextureAtlas/]: Created: 256x256x2 minecraft:textures/atlas/chest.png-atlas
[20Jul2026 21:23:44.039] [Render thread/INFO] [net.minecraft.client.renderer.texture.TextureAtlas/]: Created: 512x256x2 minecraft:textures/atlas/shulker_boxes.png-atlas
[20Jul2026 21:23:44.040] [Render thread/INFO] [net.minecraft.client.renderer.texture.TextureAtlas/]: Created: 512x256x2 minecraft:textures/atlas/beds.png-atlas
[20Jul2026 21:23:44.043] [Render thread/INFO] [net.minecraft.client.renderer.texture.TextureAtlas/]: Created: 64x64x0 minecraft:textures/atlas/map_decorations.png-atlas
[20Jul2026 21:23:44.105] [Render thread/INFO] [net.minecraft.client.renderer.texture.TextureAtlas/]: Created: 512x256x0 minecraft:textures/atlas/particles.png-atlas
[20Jul2026 21:23:44.109] [Render thread/INFO] [net.minecraft.client.renderer.texture.TextureAtlas/]: Created: 512x256x0 minecraft:textures/atlas/paintings.png-atlas
[20Jul2026 21:23:44.111] [Render thread/INFO] [net.minecraft.client.renderer.texture.TextureAtlas/]: Created: 1024x512x0 minecraft:textures/atlas/gui.png-atlas
[20Jul2026 21:23:44.120] [Render thread/INFO] [net.neoforged.neoforge.client.entity.animation.json.AnimationLoader/]: Loaded 0 entity animations
[20Jul2026 21:24:25.471] [Render thread/WARN] [net.minecraft.server.MinecraftServer/]: Missing data pack tests
[20Jul2026 21:24:26.743] [Render thread/INFO] [net.minecraft.world.item.crafting.RecipeManager/]: Loaded 1793 recipes
[20Jul2026 21:24:26.757] [Render thread/INFO] [net.minecraft.advancements.AdvancementTree/]: Loaded 1907 advancements
[20Jul2026 21:24:26.758] [Render thread/INFO] [net.neoforged.neoforge.common.crafting.RecipePriorityManager/]: Loaded 0 recipe priority overrides
[20Jul2026 21:24:35.088] [Server thread/INFO] [net.minecraft.client.server.IntegratedServer/]: Starting integrated minecraft server version 1.21.8
[20Jul2026 21:24:35.089] [Server thread/INFO] [net.minecraft.server.MinecraftServer/]: Generating keypair
[20Jul2026 21:24:38.040] [Server thread/INFO] [net.minecraft.server.MinecraftServer/]: Preparing start region for dimension minecraft:overworld
[20Jul2026 21:24:38.076] [progressListener/INFO] [net.minecraft.server.level.progress.LoggerChunkProgressListener/]: Preparing spawn area: 2%
[20Jul2026 21:24:38.554] [progressListener/INFO] [net.minecraft.server.level.progress.LoggerChunkProgressListener/]: Preparing spawn area: 2%
[20Jul2026 21:24:39.060] [progressListener/INFO] [net.minecraft.server.level.progress.LoggerChunkProgressListener/]: Preparing spawn area: 2%
[20Jul2026 21:24:39.557] [progressListener/INFO] [net.minecraft.server.level.progress.LoggerChunkProgressListener/]: Preparing spawn area: 18%
[20Jul2026 21:24:40.062] [progressListener/INFO] [net.minecraft.server.level.progress.LoggerChunkProgressListener/]: Preparing spawn area: 18%
[20Jul2026 21:24:40.570] [progressListener/INFO] [net.minecraft.server.level.progress.LoggerChunkProgressListener/]: Preparing spawn area: 51%
[20Jul2026 21:24:41.057] [progressListener/INFO] [net.minecraft.server.level.progress.LoggerChunkProgressListener/]: Preparing spawn area: 51%
[20Jul2026 21:24:41.217] [Server thread/INFO] [net.neoforged.neoforge.server.permission.PermissionAPI/]: Successfully initialized permission handler neoforge:default_handler
[20Jul2026 21:24:41.231] [progressListener/INFO] [net.minecraft.server.level.progress.LoggerChunkProgressListener/]: Time elapsed: 3179 ms
[20Jul2026 21:24:41.274] [Server thread/INFO] [net.minecraft.client.server.IntegratedServer/]: Changing view distance to 5, from 10
[20Jul2026 21:24:41.274] [Server thread/INFO] [net.minecraft.client.server.IntegratedServer/]: Changing simulation distance to 12, from 0
[20Jul2026 21:24:42.084] [Server thread/INFO] [net.minecraft.server.players.PlayerList/]: Dev[local:E:bc219377] logged in with entity id 39 at (-1.5, 86.0, 7.5)
[20Jul2026 21:24:42.156] [Server thread/INFO] [net.minecraft.server.MinecraftServer/]: Dev joined the game
[20Jul2026 21:24:42.248] [Render thread/INFO] [net.minecraft.advancements.AdvancementTree/]: Loaded 2 advancements
[20Jul2026 21:24:42.390] [Render thread/INFO] [net.minecraft.client.renderer.DynamicUniformStorage/]: Resizing Dynamic Transforms UBO, capacity limit of 2 reached during a single frame. New capacity will be 4.
[20Jul2026 21:24:42.542] [Render thread/INFO] [net.minecraft.client.renderer.DynamicUniformStorage/]: Resizing Dynamic Transforms UBO, capacity limit of 4 reached during a single frame. New capacity will be 8.
[20Jul2026 21:24:42.662] [Render thread/INFO] [net.minecraft.client.renderer.DynamicUniformStorage/]: Resizing Dynamic Transforms UBO, capacity limit of 8 reached during a single frame. New capacity will be 16.
[20Jul2026 21:24:42.697] [Render thread/INFO] [net.minecraft.client.renderer.DynamicUniformStorage/]: Resizing Dynamic Transforms UBO, capacity limit of 16 reached during a single frame. New capacity will be 32.
[20Jul2026 21:24:42.794] [Render thread/INFO] [net.minecraft.client.renderer.DynamicUniformStorage/]: Resizing Dynamic Transforms UBO, capacity limit of 32 reached during a single frame. New capacity will be 64.
[20Jul2026 21:24:45.300] [Render thread/INFO] [net.minecraft.client.renderer.DynamicUniformStorage/]: Resizing Dynamic Transforms UBO, capacity limit of 64 reached during a single frame. New capacity will be 128.
[20Jul2026 21:24:46.722] [Render thread/INFO] [net.minecraft.client.renderer.DynamicUniformStorage/]: Resizing Dynamic Transforms UBO, capacity limit of 128 reached during a single frame. New capacity will be 256.
[20Jul2026 21:24:47.803] [Server thread/INFO] [net.minecraft.server.MinecraftServer/]: Dev has made the advancement [Ice Bucket Challenge]
[20Jul2026 21:24:47.848] [Render thread/INFO] [net.minecraft.client.gui.components.ChatComponent/]: [System] [CHAT] Dev has made the advancement [Ice Bucket Challenge]
[20Jul2026 21:24:47.859] [Render thread/INFO] [net.minecraft.advancements.AdvancementTree/]: Loaded 13 advancements
[20Jul2026 21:24:50.094] [Render thread/INFO] [net.minecraft.client.renderer.DynamicUniformStorage/]: Resizing Dynamic Transforms UBO, capacity limit of 256 reached during a single frame. New capacity will be 512.
[20Jul2026 21:24:54.212] [Render thread/INFO] [net.minecraft.client.renderer.DynamicUniformStorage/]: Resizing Dynamic Transforms UBO, capacity limit of 512 reached during a single frame. New capacity will be 1024.
[20Jul2026 21:25:10.559] [Server thread/INFO] [net.minecraft.server.MinecraftServer/]: Dev has made the advancement [We Need to Go Deeper]
[20Jul2026 21:25:10.616] [Render thread/INFO] [net.minecraft.client.gui.components.ChatComponent/]: [System] [CHAT] Dev has made the advancement [We Need to Go Deeper]
[20Jul2026 21:25:10.636] [Server thread/WARN] [net.minecraft.server.MinecraftServer/]: Can't keep up! Is the server overloaded? Running 2265ms or 45 ticks behind
[20Jul2026 21:25:10.654] [Render thread/INFO] [net.minecraft.advancements.AdvancementTree/]: Loaded 31 advancements
[20Jul2026 21:25:11.383] [Render thread/INFO] [net.minecraft.advancements.AdvancementTree/]: Loaded 31 advancements
[20Jul2026 21:25:15.733] [Server thread/INFO] [net.minecraft.server.commands.LocateCommand/]: Locating element minecraft:soul_sand_valley took 4 ms
[20Jul2026 21:25:15.753] [Render thread/INFO] [net.minecraft.client.gui.components.ChatComponent/]: [System] [CHAT] The nearest minecraft:soul_sand_valley is at [92, 79, 51] (115 blocks away)
[20Jul2026 21:25:18.840] [Server thread/INFO] [net.minecraft.server.MinecraftServer/]: [Dev: Teleported Dev to 92.500000, 79.000000, 51.500000]
[20Jul2026 21:25:18.856] [Render thread/INFO] [net.minecraft.client.gui.components.ChatComponent/]: [System] [CHAT] Teleported Dev to 92.500000, 79.000000, 51.500000
[20Jul2026 21:25:19.383] [Render thread/INFO] [net.minecraft.advancements.AdvancementTree/]: Loaded 31 advancements
[20Jul2026 21:25:19.618] [Render thread/WARN] [net.minecraft.client.multiplayer.ClientPacketListener/]: Received passengers for unknown entity
[20Jul2026 21:27:47.331] [Render thread/INFO] [net.minecraft.advancements.AdvancementTree/]: Loaded 31 advancements
[20Jul2026 21:28:39.421] [Server thread/INFO] [net.minecraft.client.server.IntegratedServer/]: Saving and pausing game...
[20Jul2026 21:28:39.483] [Server thread/INFO] [net.minecraft.server.MinecraftServer/]: Saving chunks for level 'ServerLevel[worldgentestnether5]'/minecraft:overworld
[20Jul2026 21:28:39.572] [Server thread/INFO] [net.minecraft.server.MinecraftServer/]: Saving chunks for level 'ServerLevel[worldgentestnether5]'/minecraft:the_nether
[20Jul2026 21:28:39.593] [Server thread/INFO] [net.minecraft.server.MinecraftServer/]: Saving chunks for level 'ServerLevel[worldgentestnether5]'/minecraft:the_end
[20Jul2026 21:28:40.679] [Server thread/INFO] [net.minecraft.server.network.ServerGamePacketListenerImpl/]: Dev lost connection: Disconnected
[20Jul2026 21:28:40.681] [Server thread/INFO] [net.minecraft.server.MinecraftServer/]: Dev left the game
[20Jul2026 21:28:40.701] [Server thread/INFO] [net.minecraft.server.network.ServerCommonPacketListenerImpl/]: Stopping singleplayer server as player logged out
[20Jul2026 21:28:40.723] [Server thread/INFO] [net.minecraft.server.MinecraftServer/]: Stopping server
[20Jul2026 21:28:40.725] [Server thread/INFO] [net.minecraft.server.MinecraftServer/]: Saving players
[20Jul2026 21:28:40.726] [Server thread/INFO] [net.minecraft.server.MinecraftServer/]: Saving worlds
[20Jul2026 21:28:43.171] [Server thread/INFO] [net.minecraft.server.MinecraftServer/]: Saving chunks for level 'ServerLevel[worldgentestnether5]'/minecraft:overworld
[20Jul2026 21:28:43.234] [Server thread/INFO] [net.minecraft.server.MinecraftServer/]: Saving chunks for level 'ServerLevel[worldgentestnether5]'/minecraft:the_nether
[20Jul2026 21:28:43.293] [Server thread/INFO] [net.minecraft.server.MinecraftServer/]: Saving chunks for level 'ServerLevel[worldgentestnether5]'/minecraft:the_end
[20Jul2026 21:28:43.406] [Server thread/INFO] [net.minecraft.server.MinecraftServer/]: ThreadedAnvilChunkStorage (worldgentestnether5): All chunks are saved
[20Jul2026 21:28:43.407] [Server thread/INFO] [net.minecraft.server.MinecraftServer/]: ThreadedAnvilChunkStorage (DIM-1): All chunks are saved
[20Jul2026 21:28:43.407] [Server thread/INFO] [net.minecraft.server.MinecraftServer/]: ThreadedAnvilChunkStorage (DIM1): All chunks are saved
[20Jul2026 21:28:43.408] [Server thread/INFO] [net.minecraft.server.MinecraftServer/]: ThreadedAnvilChunkStorage: All dimensions are saved
[20Jul2026 21:28:44.210] [Render thread/INFO] [net.minecraft.client.Minecraft/]: Stopping!
