#
# There is insufficient memory for the Java Runtime Environment to continue.
# Native memory allocation (mmap) failed to map 333447168 bytes. Error detail: G1 virtual space
# Possible reasons:
#   The system is out of physical RAM or swap space
#   This process is running with CompressedOops enabled, and the Java Heap may be blocking the growth of the native heap
# Possible solutions:
#   Reduce memory load on the system
#   Increase physical memory or swap space
#   Check if swap backing store is full
#   Decrease Java heap size (-Xmx/-Xms)
#   Decrease number of Java threads
#   Decrease Java thread stack sizes (-Xss)
#   Set larger code cache with -XX:ReservedCodeCacheSize=
#   JVM is running with Zero Based Compressed Oops mode in which the Java heap is
#     placed in the first 32GB address space. The Java Heap base address is the
#     maximum limit for the native heap growth. Please use -XX:HeapBaseMinAddress
#     to set the Java Heap base and to place the Java Heap above 32GB virtual address.
# This output file may be truncated or incomplete.
#
#  Out of Memory Error (os_windows.cpp:3618), pid=14648, tid=32412
#
# JRE version: OpenJDK Runtime Environment Temurin-17.0.14+7 (17.0.14+7) (build 17.0.14+7)
# Java VM: OpenJDK 64-Bit Server VM Temurin-17.0.14+7 (17.0.14+7, mixed mode, sharing, tiered, compressed oops, compressed class ptrs, g1 gc, windows-amd64)
# No core dump will be written. Minidumps are not enabled by default on client versions of Windows
#

---------------  S U M M A R Y ------------

Command Line: -Dcom.sun.management.jmxremote.authenticate=false -Dcom.sun.management.jmxremote.local.only=true -Dcom.sun.management.jmxremote.port=1099 -Dcom.sun.management.jmxremote.ssl=false -Dforge.enableGameTest=true -Dforge.logging.console.level=debug -Dforge.logging.markers=REGISTRIES -DignoreList=bootstraplauncher,securejarhandler,asm-commons,asm-util,asm-analysis,asm-tree,asm,JarJarFileSystems,client-extra,fmlcore,javafmllanguage,lowcodelanguage,mclanguage,forge- -Djava.net.preferIPv6Addresses=system -DlegacyClassPath.file=C:\Users\Asus\MCreatorWorkspaces\extra_building_blocks\build\classpath\runClient_minecraftClasspath.txt -DmergeModules=jna-5.10.0.jar,jna-platform-5.10.0.jar --module-path=C:\Users\Asus\.mcreator\gradle\caches\modules-2\files-2.1\cpw.mods\bootstraplauncher\1.1.2\c546e00443d8432cda6baa1c860346980742628\bootstraplauncher-1.1.2.jar;C:\Users\Asus\.mcreator\gradle\caches\modules-2\files-2.1\cpw.mods\securejarhandler\2.1.10\51e6a22c6c716beb11e244bf5b8be480f51dd6b5\securejarhandler-2.1.10.jar;C:\Users\Asus\.mcreator\gradle\caches\modules-2\files-2.1\org.ow2.asm\asm-commons\9.7\e86dda4696d3c185fcc95d8d311904e7ce38a53f\asm-commons-9.7.jar;C:\Users\Asus\.mcreator\gradle\caches\modules-2\files-2.1\org.ow2.asm\asm-util\9.7\c0655519f24d92af2202cb681cd7c1569df6ead6\asm-util-9.7.jar;C:\Users\Asus\.mcreator\gradle\caches\modules-2\files-2.1\org.ow2.asm\asm-analysis\9.7\e4a258b7eb96107106c0599f0061cfc1832fe07a\asm-analysis-9.7.jar;C:\Users\Asus\.mcreator\gradle\caches\modules-2\files-2.1\org.ow2.asm\asm-tree\9.7\e446a17b175bfb733b87c5c2560ccb4e57d69f1a\asm-tree-9.7.jar;C:\Users\Asus\.mcreator\gradle\caches\modules-2\files-2.1\org.ow2.asm\asm\9.7\73d7b3086e14beb604ced229c302feff6449723\asm-9.7.jar;C:\Users\Asus\.mcreator\gradle\caches\modules-2\files-2.1\net.minecraftforge\JarJarFileSystems\0.3.19\2464eb7d6b9ddb9db36a82cf8a95193e5c6fe020\JarJarFileSystems-0.3.19.jar --add-modules=ALL-MODULE-PATH --add-opens=java.base/java.util.jar=cpw.mods.securejarhandler --add-opens=java.base/java.lang.invoke=cpw.mods.securejarhandler --add-exports=java.base/sun.security.util=cpw.mods.securejarhandler --add-exports=jdk.naming.dns/com.sun.jndi.dns=java.naming -XX:HeapDumpPath=MojangTricksIntelDriversForPerformance_javaw.exe_minecraft.exe.heapdump -Dfile.encoding=UTF-8 -Duser.country=US -Duser.language=en -Duser.variant cpw.mods.bootstraplauncher.BootstrapLauncher --launchTarget forgeclientuserdev --version MOD_DEV --assetIndex 5 --assetsDir C:\Users\Asus\.mcreator\gradle\caches\forge_gradle\assets --gameDir . --fml.forgeVersion 47.3.0 --fml.mcVersion 1.20.1 --fml.forgeGroup net.minecraftforge --fml.mcpVersion 20230612.114412

Host: AMD Ryzen 7 4800H with Radeon Graphics         , 16 cores, 15G,  Windows 10 , 64 bit Build 19041 (10.0.19041.5438)
Time: Mon Mar  3 23:57:30 2025 GMT Standard Time elapsed time: 18.178080 seconds (0d 0h 0m 18s)

---------------  T H R E A D  ---------------

Current thread (0x000001b4fee3e830):  VMThread "VM Thread" [stack: 0x00000074c7e00000,0x00000074c7f00000] [id=32412]

Stack: [0x00000074c7e00000,0x00000074c7f00000]
Native frames: (J=compiled Java code, j=interpreted, Vv=VM code, C=native code)
V  [jvm.dll+0x682eb9]
V  [jvm.dll+0x8399c8]
V  [jvm.dll+0x83b473]
V  [jvm.dll+0x83bae3]
V  [jvm.dll+0x24715f]
V  [jvm.dll+0x67fc99]
V  [jvm.dll+0x674b8a]
V  [jvm.dll+0x304c06]
V  [jvm.dll+0x30c0c6]
V  [jvm.dll+0x35dc3e]
V  [jvm.dll+0x35de7d]
V  [jvm.dll+0x2dbfcc]
V  [jvm.dll+0x2da36f]
V  [jvm.dll+0x2d9adc]
V  [jvm.dll+0x31d2bb]
V  [jvm.dll+0x84031d]
V  [jvm.dll+0x841053]
V  [jvm.dll+0x84157f]
V  [jvm.dll+0x841964]
V  [jvm.dll+0x841a2e]
V  [jvm.dll+0x7e948c]
V  [jvm.dll+0x681d97]
C  [ucrtbase.dll+0x21bb2]
C  [KERNEL32.DLL+0x17374]
C  [ntdll.dll+0x4cc91]

VM_Operation (0x00000074ca0fd430): G1CollectForAllocation, mode: safepoint, requested by thread 0x000001b4cd851650


---------------  P R O C E S S  ---------------

Threads class SMR info:
_java_thread_list=0x000001b4cdeddf00, length=29, elements={
0x000001b4e3a53b60, 0x000001b4fee46150, 0x000001b4fee46ce0, 0x000001b4fee5eaa0,
0x000001b4fee5f370, 0x000001b4fee5fc40, 0x000001b4fee60cb0, 0x000001b4fee62100,
0x000001b4fee64670, 0x000001b4fee72eb0, 0x000001b487c60ec0, 0x000001b487c8fca0,
0x000001b487da0a00, 0x000001b4cd74bdf0, 0x000001b4cd769850, 0x000001b4cd746360,
0x000001b4cf02c230, 0x000001b4cd851140, 0x000001b4cd852fa0, 0x000001b4cd852070,
0x000001b4cd851650, 0x000001b4cde4b060, 0x000001b4cdfae300, 0x000001b487ce8fa0,
0x000001b4cd852a90, 0x000001b4d09d2ff0, 0x000001b4cdd83930, 0x000001b4cf48cfa0,
0x000001b4cdd875f0
}

Java Threads: ( => current thread )
  0x000001b4e3a53b60 JavaThread "main" [_thread_blocked, id=3708, stack(0x00000074c7800000,0x00000074c7900000)]
  0x000001b4fee46150 JavaThread "Reference Handler" daemon [_thread_blocked, id=30936, stack(0x00000074c7f00000,0x00000074c8000000)]
  0x000001b4fee46ce0 JavaThread "Finalizer" daemon [_thread_blocked, id=20412, stack(0x00000074c8000000,0x00000074c8100000)]
  0x000001b4fee5eaa0 JavaThread "Signal Dispatcher" daemon [_thread_blocked, id=19672, stack(0x00000074c8100000,0x00000074c8200000)]
  0x000001b4fee5f370 JavaThread "Attach Listener" daemon [_thread_blocked, id=2656, stack(0x00000074c8200000,0x00000074c8300000)]
  0x000001b4fee5fc40 JavaThread "Service Thread" daemon [_thread_blocked, id=30280, stack(0x00000074c8300000,0x00000074c8400000)]
  0x000001b4fee60cb0 JavaThread "Monitor Deflation Thread" daemon [_thread_blocked, id=27104, stack(0x00000074c8400000,0x00000074c8500000)]
  0x000001b4fee62100 JavaThread "C2 CompilerThread0" daemon [_thread_blocked, id=5056, stack(0x00000074c8500000,0x00000074c8600000)]
  0x000001b4fee64670 JavaThread "C1 CompilerThread0" daemon [_thread_blocked, id=17744, stack(0x00000074c8600000,0x00000074c8700000)]
  0x000001b4fee72eb0 JavaThread "Sweeper thread" daemon [_thread_blocked, id=744, stack(0x00000074c8700000,0x00000074c8800000)]
  0x000001b487c60ec0 JavaThread "C1 CompilerThread1" daemon [_thread_blocked, id=29440, stack(0x00000074c8800000,0x00000074c8900000)]
  0x000001b487c8fca0 JavaThread "Common-Cleaner" daemon [_thread_blocked, id=12900, stack(0x00000074c8900000,0x00000074c8a00000)]
  0x000001b487da0a00 JavaThread "Notification Thread" daemon [_thread_blocked, id=21964, stack(0x00000074c8b00000,0x00000074c8c00000)]
  0x000001b4cd74bdf0 JavaThread "RMI TCP Accept-0" daemon [_thread_in_native, id=27064, stack(0x00000074c8c00000,0x00000074c8d00000)]
  0x000001b4cd769850 JavaThread "RMI TCP Accept-1099" daemon [_thread_in_native, id=4028, stack(0x00000074c8d00000,0x00000074c8e00000)]
  0x000001b4cd746360 JavaThread "RMI TCP Accept-0" daemon [_thread_in_native, id=23680, stack(0x00000074c8e00000,0x00000074c8f00000)]
  0x000001b4cf02c230 JavaThread "RMI TCP Connection(1)-127.0.0.1" daemon [_thread_in_native, id=27864, stack(0x00000074c9900000,0x00000074c9a00000)]
  0x000001b4cd851140 JavaThread "RMI Scheduler(0)" daemon [_thread_blocked, id=30952, stack(0x00000074c9a00000,0x00000074c9b00000)]
  0x000001b4cd852fa0 JavaThread "RMI TCP Connection(2)-fe80:0:0:0:2abd:9735:91b:6ca6%8" daemon [_thread_in_native, id=31216, stack(0x00000074c9b00000,0x00000074c9c00000)]
  0x000001b4cd852070 JavaThread "JMX server connection timeout 30" daemon [_thread_blocked, id=9536, stack(0x00000074c9c00000,0x00000074c9d00000)]
  0x000001b4cd851650 JavaThread "pool-2-thread-1" daemon [_thread_blocked, id=20588, stack(0x00000074ca000000,0x00000074ca100000)]
  0x000001b4cde4b060 JavaThread "C2 CompilerThread1" daemon [_thread_in_native, id=20600, stack(0x00000074c8a00000,0x00000074c8b00000)]
  0x000001b4cdfae300 JavaThread "C1 CompilerThread2" daemon [_thread_blocked, id=32236, stack(0x00000074ca900000,0x00000074caa00000)]
  0x000001b487ce8fa0 JavaThread "C1 CompilerThread3" daemon [_thread_blocked, id=29448, stack(0x00000074caa00000,0x00000074cab00000)]
  0x000001b4cd852a90 JavaThread "pool-3-thread-1" daemon [_thread_blocked, id=32764, stack(0x00000074cab00000,0x00000074cac00000)]
  0x000001b4d09d2ff0 JavaThread "C2 CompilerThread2" daemon [_thread_blocked, id=9312, stack(0x00000074cac00000,0x00000074cad00000)]
  0x000001b4cdd83930 JavaThread "JNA Cleaner" daemon [_thread_blocked, id=26776, stack(0x00000074cad00000,0x00000074cae00000)]
  0x000001b4cf48cfa0 JavaThread "C2 CompilerThread3" daemon [_thread_blocked, id=26848, stack(0x00000074cae00000,0x00000074caf00000)]
  0x000001b4cdd875f0 JavaThread "pool-4-thread-1" [_thread_blocked, id=28772, stack(0x00000074cb000000,0x00000074cb100000)]

Other Threads:
=>0x000001b4fee3e830 VMThread "VM Thread" [stack: 0x00000074c7e00000,0x00000074c7f00000] [id=32412]
  0x000001b4cd6ec7b0 WatcherThread [stack: 0x00000074c8f00000,0x00000074c9000000] [id=18740]
  0x000001b4e3abfba0 GCTaskThread "GC Thread#0" [stack: 0x00000074c7900000,0x00000074c7a00000] [id=28624]
  0x000001b4cd7fb380 GCTaskThread "GC Thread#1" [stack: 0x00000074c9200000,0x00000074c9300000] [id=8644]
  0x000001b4cd80f1d0 GCTaskThread "GC Thread#2" [stack: 0x00000074c9300000,0x00000074c9400000] [id=28848]
  0x000001b4cd80f8a0 GCTaskThread "GC Thread#3" [stack: 0x00000074c9400000,0x00000074c9500000] [id=29668]
  0x000001b4cd80fb60 GCTaskThread "GC Thread#4" [stack: 0x00000074c9500000,0x00000074c9600000] [id=336]
  0x000001b4cdcece70 GCTaskThread "GC Thread#5" [stack: 0x00000074c9600000,0x00000074c9700000] [id=5344]
  0x000001b4cdced130 GCTaskThread "GC Thread#6" [stack: 0x00000074c9700000,0x00000074c9800000] [id=29540]
  0x000001b4ce0ec9a0 GCTaskThread "GC Thread#7" [stack: 0x00000074c9800000,0x00000074c9900000] [id=29000]
  0x000001b4d0f3de70 GCTaskThread "GC Thread#8" [stack: 0x00000074c9000000,0x00000074c9100000] [id=2528]
  0x000001b4d0f3ec30 GCTaskThread "GC Thread#9" [stack: 0x00000074c9100000,0x00000074c9200000] [id=32300]
  0x000001b4d0f3dbb0 GCTaskThread "GC Thread#10" [stack: 0x00000074ca100000,0x00000074ca200000] [id=31092]
  0x000001b4d0f3e130 GCTaskThread "GC Thread#11" [stack: 0x00000074ca200000,0x00000074ca300000] [id=14412]
  0x000001b4d0f3d630 GCTaskThread "GC Thread#12" [stack: 0x00000074ca300000,0x00000074ca400000] [id=21112]
  0x000001b4e3acffd0 ConcurrentGCThread "G1 Main Marker" [stack: 0x00000074c7a00000,0x00000074c7b00000] [id=32324]
  0x000001b4e3ad0fa0 ConcurrentGCThread "G1 Conc#0" [stack: 0x00000074c7b00000,0x00000074c7c00000] [id=5260]
  0x000001b4d0f3f1b0 ConcurrentGCThread "G1 Conc#1" [stack: 0x00000074ca400000,0x00000074ca500000] [id=27408]
  0x000001b4d0f3e3f0 ConcurrentGCThread "G1 Conc#2" [stack: 0x00000074ca500000,0x00000074ca600000] [id=32692]
  0x000001b4fed815c0 ConcurrentGCThread "G1 Refine#0" [stack: 0x00000074c7c00000,0x00000074c7d00000] [id=9432]
  0x000001b4d2202e60 ConcurrentGCThread "G1 Refine#1" [stack: 0x00000074ca600000,0x00000074ca700000] [id=26136]
  0x000001b4d0dcb090 ConcurrentGCThread "G1 Refine#2" [stack: 0x00000074ca700000,0x00000074ca800000] [id=28172]
  0x000001b4d20b3490 ConcurrentGCThread "G1 Refine#3" [stack: 0x00000074ca800000,0x00000074ca900000] [id=27140]
  0x000001b4d07aea30 ConcurrentGCThread "G1 Refine#4" [stack: 0x00000074cb100000,0x00000074cb200000] [id=31788]
  0x000001b4d07af300 ConcurrentGCThread "G1 Refine#5" [stack: 0x00000074cb200000,0x00000074cb300000] [id=27000]
  0x000001b4fed81e00 ConcurrentGCThread "G1 Service" [stack: 0x00000074c7d00000,0x00000074c7e00000] [id=27952]

Threads with active compile tasks:
C2 CompilerThread0    18215 11799       4       jdk.internal.org.objectweb.asm.ClassWriter::toByteArray (1515 bytes)
C2 CompilerThread1    18215 11763 %     4       org.objectweb.asm.ClassReader::readCode @ 2187 (5117 bytes)
C2 CompilerThread2    18215 11757   !   4       java.lang.invoke.MethodHandleNatives::linkMethodHandleConstant (50 bytes)
C2 CompilerThread3    18215 11834       4       java.lang.ClassLoader::preDefineClass (118 bytes)

VM state: at safepoint (normal execution)

VM Mutex/Monitor currently owned by a thread:  ([mutex/lock_event])
[0x000001b4e3a4ee50] Threads_lock - owner thread: 0x000001b4fee3e830
[0x000001b4e3a4fab0] Heap_lock - owner thread: 0x000001b4cd851650

Heap address: 0x0000000709400000, size: 3948 MB, Compressed Oops mode: Zero based, Oop shift amount: 3

CDS archive(s) mapped at: [0x000001b488000000-0x000001b488bb0000-0x000001b488bb0000), size 12255232, SharedBaseAddress: 0x000001b488000000, ArchiveRelocationMode: 1.
Compressed class space mapped at: 0x000001b489000000-0x000001b4c9000000, reserved size: 1073741824
Narrow klass base: 0x000001b488000000, Narrow klass shift: 0, Narrow klass range: 0x100000000

GC Precious Log:
 CPUs: 16 total, 16 available
 Memory: 15791M
 Large Page Support: Disabled
 NUMA Support: Disabled
 Compressed Oops: Enabled (Zero based)
 Heap Region Size: 2M
 Heap Min Capacity: 8M
 Heap Initial Capacity: 248M
 Heap Max Capacity: 3948M
 Pre-touch: Disabled
 Parallel Workers: 13
 Concurrent Workers: 3
 Concurrent Refinement Workers: 13
 Periodic GC: Disabled

Heap:
 garbage-first heap   total 421888K, used 178582K [0x0000000709400000, 0x0000000800000000)
  region size 2048K, 3 young (6144K), 3 survivors (6144K)
 Metaspace       used 68755K, committed 70208K, reserved 1114112K
  class space    used 10054K, committed 10688K, reserved 1048576K

Heap Regions: E=young(eden), S=young(survivor), O=old, HS=humongous(starts), HC=humongous(continues), CS=collection set, F=free, OA=open archive, CA=closed archive, TAMS=top-at-mark-start (previous, next)
|   0|0x0000000709400000, 0x0000000709600000, 0x0000000709600000|100%|HS|  |TAMS 0x0000000709600000, 0x0000000709600000| Complete 
|   1|0x0000000709600000, 0x0000000709800000, 0x0000000709800000|100%| O|  |TAMS 0x0000000709800000, 0x0000000709800000| Untracked 
|   2|0x0000000709800000, 0x0000000709a00000, 0x0000000709a00000|100%| O|  |TAMS 0x0000000709a00000, 0x0000000709a00000| Untracked 
|   3|0x0000000709a00000, 0x0000000709c00000, 0x0000000709c00000|100%|HS|  |TAMS 0x0000000709c00000, 0x0000000709c00000| Complete 
|   4|0x0000000709c00000, 0x0000000709e00000, 0x0000000709e00000|100%| O|  |TAMS 0x0000000709e00000, 0x0000000709e00000| Untracked 
|   5|0x0000000709e00000, 0x000000070a000000, 0x000000070a000000|100%| O|  |TAMS 0x000000070a000000, 0x000000070a000000| Untracked 
|   6|0x000000070a000000, 0x000000070a200000, 0x000000070a200000|100%|HS|  |TAMS 0x000000070a200000, 0x000000070a200000| Complete 
|   7|0x000000070a200000, 0x000000070a400000, 0x000000070a400000|100%|HS|  |TAMS 0x000000070a400000, 0x000000070a400000| Complete 
|   8|0x000000070a400000, 0x000000070a600000, 0x000000070a600000|100%| O|  |TAMS 0x000000070a600000, 0x000000070a600000| Untracked 
|   9|0x000000070a600000, 0x000000070a800000, 0x000000070a800000|100%| O|  |TAMS 0x000000070a800000, 0x000000070a800000| Untracked 
|  10|0x000000070a800000, 0x000000070aa00000, 0x000000070aa00000|100%| O|  |TAMS 0x000000070aa00000, 0x000000070aa00000| Untracked 
|  11|0x000000070aa00000, 0x000000070ac00000, 0x000000070ac00000|100%| O|  |TAMS 0x000000070ac00000, 0x000000070ac00000| Untracked 
|  12|0x000000070ac00000, 0x000000070ae00000, 0x000000070ae00000|100%| O|  |TAMS 0x000000070ae00000, 0x000000070ae00000| Untracked 
|  13|0x000000070ae00000, 0x000000070b000000, 0x000000070b000000|100%| O|  |TAMS 0x000000070b000000, 0x000000070b000000| Untracked 
|  14|0x000000070b000000, 0x000000070b200000, 0x000000070b200000|100%|HS|  |TAMS 0x000000070b200000, 0x000000070b200000| Complete 
|  15|0x000000070b200000, 0x000000070b400000, 0x000000070b400000|100%| O|  |TAMS 0x000000070b400000, 0x000000070b400000| Untracked 
|  16|0x000000070b400000, 0x000000070b600000, 0x000000070b600000|100%| O|  |TAMS 0x000000070b600000, 0x000000070b600000| Untracked 
|  17|0x000000070b600000, 0x000000070b800000, 0x000000070b800000|100%| O|  |TAMS 0x000000070b800000, 0x000000070b800000| Untracked 
|  18|0x000000070b800000, 0x000000070ba00000, 0x000000070ba00000|100%| O|  |TAMS 0x000000070ba00000, 0x000000070ba00000| Untracked 
|  19|0x000000070ba00000, 0x000000070bc00000, 0x000000070bc00000|100%| O|  |TAMS 0x000000070bc00000, 0x000000070bc00000| Untracked 
|  20|0x000000070bc00000, 0x000000070be00000, 0x000000070be00000|100%| O|  |TAMS 0x000000070be00000, 0x000000070be00000| Untracked 
|  21|0x000000070be00000, 0x000000070c000000, 0x000000070c000000|100%| O|  |TAMS 0x000000070c000000, 0x000000070c000000| Untracked 
|  22|0x000000070c000000, 0x000000070c200000, 0x000000070c200000|100%| O|  |TAMS 0x000000070c200000, 0x000000070c200000| Untracked 
|  23|0x000000070c200000, 0x000000070c400000, 0x000000070c400000|100%| O|  |TAMS 0x000000070c400000, 0x000000070c400000| Untracked 
|  24|0x000000070c400000, 0x000000070c600000, 0x000000070c600000|100%| O|  |TAMS 0x000000070c600000, 0x000000070c600000| Untracked 
|  25|0x000000070c600000, 0x000000070c800000, 0x000000070c800000|100%| O|  |TAMS 0x000000070c800000, 0x000000070c800000| Untracked 
|  26|0x000000070c800000, 0x000000070ca00000, 0x000000070ca00000|100%| O|  |TAMS 0x000000070ca00000, 0x000000070ca00000| Untracked 
|  27|0x000000070ca00000, 0x000000070cc00000, 0x000000070cc00000|100%| O|  |TAMS 0x000000070cc00000, 0x000000070cc00000| Untracked 
|  28|0x000000070cc00000, 0x000000070ce00000, 0x000000070ce00000|100%| O|  |TAMS 0x000000070ce00000, 0x000000070ce00000| Untracked 
|  29|0x000000070ce00000, 0x000000070d000000, 0x000000070d000000|100%| O|  |TAMS 0x000000070d000000, 0x000000070d000000| Untracked 
|  30|0x000000070d000000, 0x000000070d200000, 0x000000070d200000|100%| O|  |TAMS 0x000000070d200000, 0x000000070d200000| Untracked 
|  31|0x000000070d200000, 0x000000070d400000, 0x000000070d400000|100%| O|  |TAMS 0x000000070d400000, 0x000000070d400000| Untracked 
|  32|0x000000070d400000, 0x000000070d600000, 0x000000070d600000|100%| O|  |TAMS 0x000000070d600000, 0x000000070d600000| Untracked 
|  33|0x000000070d600000, 0x000000070d800000, 0x000000070d800000|100%| O|  |TAMS 0x000000070d800000, 0x000000070d800000| Untracked 
|  34|0x000000070d800000, 0x000000070da00000, 0x000000070da00000|100%| O|  |TAMS 0x000000070da00000, 0x000000070da00000| Untracked 
|  35|0x000000070da00000, 0x000000070dc00000, 0x000000070dc00000|100%| O|  |TAMS 0x000000070dc00000, 0x000000070dc00000| Untracked 
|  36|0x000000070dc00000, 0x000000070de00000, 0x000000070de00000|100%| O|  |TAMS 0x000000070de00000, 0x000000070de00000| Untracked 
|  37|0x000000070de00000, 0x000000070e000000, 0x000000070e000000|100%| O|  |TAMS 0x000000070e000000, 0x000000070e000000| Untracked 
|  38|0x000000070e000000, 0x000000070e200000, 0x000000070e200000|100%| O|  |TAMS 0x000000070e200000, 0x000000070e200000| Untracked 
|  39|0x000000070e200000, 0x000000070e2bee00, 0x000000070e400000| 37%| O|  |TAMS 0x000000070e2bee00, 0x000000070e2bee00| Untracked 
|  40|0x000000070e400000, 0x000000070e600000, 0x000000070e600000|100%|HS|  |TAMS 0x000000070e600000, 0x000000070e600000| Complete 
|  41|0x000000070e600000, 0x000000070e800000, 0x000000070e800000|100%|HC|  |TAMS 0x000000070e800000, 0x000000070e800000| Complete 
|  42|0x000000070e800000, 0x000000070ea00000, 0x000000070ea00000|100%|HC|  |TAMS 0x000000070ea00000, 0x000000070ea00000| Complete 
|  43|0x000000070ea00000, 0x000000070ec00000, 0x000000070ec00000|100%|HC|  |TAMS 0x000000070ec00000, 0x000000070ec00000| Complete 
|  44|0x000000070ec00000, 0x000000070ee00000, 0x000000070ee00000|100%|HC|  |TAMS 0x000000070ee00000, 0x000000070ee00000| Complete 
|  45|0x000000070ee00000, 0x000000070f000000, 0x000000070f000000|100%|HC|  |TAMS 0x000000070f000000, 0x000000070f000000| Complete 
|  46|0x000000070f000000, 0x000000070f200000, 0x000000070f200000|100%| O|  |TAMS 0x000000070f200000, 0x000000070f200000| Untracked 
|  47|0x000000070f200000, 0x000000070f400000, 0x000000070f400000|100%| O|  |TAMS 0x000000070f400000, 0x000000070f400000| Untracked 
|  48|0x000000070f400000, 0x000000070f600000, 0x000000070f600000|100%| O|  |TAMS 0x000000070f600000, 0x000000070f600000| Untracked 
|  49|0x000000070f600000, 0x000000070f800000, 0x000000070f800000|100%| O|  |TAMS 0x000000070f800000, 0x000000070f800000| Untracked 
|  50|0x000000070f800000, 0x000000070fa00000, 0x000000070fa00000|100%| O|  |TAMS 0x000000070fa00000, 0x000000070fa00000| Untracked 
|  51|0x000000070fa00000, 0x000000070fc00000, 0x000000070fc00000|100%| O|  |TAMS 0x000000070fc00000, 0x000000070fc00000| Untracked 
|  52|0x000000070fc00000, 0x000000070fe00000, 0x000000070fe00000|100%| O|  |TAMS 0x000000070fe00000, 0x000000070fe00000| Untracked 
|  53|0x000000070fe00000, 0x0000000710000000, 0x0000000710000000|100%| O|  |TAMS 0x0000000710000000, 0x0000000710000000| Untracked 
|  54|0x0000000710000000, 0x0000000710200000, 0x0000000710200000|100%| O|  |TAMS 0x0000000710200000, 0x0000000710200000| Untracked 
|  55|0x0000000710200000, 0x0000000710400000, 0x0000000710400000|100%| O|  |TAMS 0x0000000710400000, 0x0000000710400000| Untracked 
|  56|0x0000000710400000, 0x0000000710600000, 0x0000000710600000|100%| O|  |TAMS 0x0000000710600000, 0x0000000710600000| Untracked 
|  57|0x0000000710600000, 0x0000000710800000, 0x0000000710800000|100%| O|  |TAMS 0x0000000710800000, 0x0000000710800000| Untracked 
|  58|0x0000000710800000, 0x0000000710a00000, 0x0000000710a00000|100%| O|  |TAMS 0x000000071094a000, 0x0000000710a00000| Untracked 
|  59|0x0000000710a00000, 0x0000000710c00000, 0x0000000710c00000|100%| O|  |TAMS 0x0000000710a00000, 0x0000000710c00000| Untracked 
|  60|0x0000000710c00000, 0x0000000710e00000, 0x0000000710e00000|100%| O|  |TAMS 0x0000000710c00000, 0x0000000710e00000| Untracked 
|  61|0x0000000710e00000, 0x0000000711000000, 0x0000000711000000|100%| O|  |TAMS 0x0000000710e00000, 0x0000000711000000| Untracked 
|  62|0x0000000711000000, 0x0000000711200000, 0x0000000711200000|100%| O|  |TAMS 0x0000000711000000, 0x0000000711200000| Untracked 
|  63|0x0000000711200000, 0x0000000711400000, 0x0000000711400000|100%| O|  |TAMS 0x0000000711200000, 0x0000000711400000| Untracked 
|  64|0x0000000711400000, 0x0000000711600000, 0x0000000711600000|100%| O|  |TAMS 0x0000000711400000, 0x0000000711600000| Untracked 
|  65|0x0000000711600000, 0x0000000711800000, 0x0000000711800000|100%| O|  |TAMS 0x0000000711600000, 0x0000000711800000| Untracked 
|  66|0x0000000711800000, 0x0000000711a00000, 0x0000000711a00000|100%| O|  |TAMS 0x0000000711800000, 0x0000000711a00000| Untracked 
|  67|0x0000000711a00000, 0x0000000711c00000, 0x0000000711c00000|100%| O|  |TAMS 0x0000000711a00000, 0x0000000711c00000| Untracked 
|  68|0x0000000711c00000, 0x0000000711e00000, 0x0000000711e00000|100%| O|  |TAMS 0x0000000711c00000, 0x0000000711e00000| Untracked 
|  69|0x0000000711e00000, 0x0000000712000000, 0x0000000712000000|100%| O|  |TAMS 0x0000000711e00000, 0x0000000712000000| Untracked 
|  70|0x0000000712000000, 0x0000000712200000, 0x0000000712200000|100%| O|  |TAMS 0x0000000712000000, 0x0000000712200000| Untracked 
|  71|0x0000000712200000, 0x0000000712400000, 0x0000000712400000|100%| O|  |TAMS 0x0000000712200000, 0x0000000712400000| Untracked 
|  72|0x0000000712400000, 0x0000000712600000, 0x0000000712600000|100%| O|  |TAMS 0x0000000712400000, 0x0000000712600000| Untracked 
|  73|0x0000000712600000, 0x0000000712800000, 0x0000000712800000|100%| O|  |TAMS 0x0000000712600000, 0x0000000712800000| Untracked 
|  74|0x0000000712800000, 0x0000000712a00000, 0x0000000712a00000|100%| O|  |TAMS 0x0000000712800000, 0x0000000712a00000| Untracked 
|  75|0x0000000712a00000, 0x0000000712c00000, 0x0000000712c00000|100%| O|  |TAMS 0x0000000712a00000, 0x0000000712c00000| Untracked 
|  76|0x0000000712c00000, 0x0000000712e00000, 0x0000000712e00000|100%| O|  |TAMS 0x0000000712c00000, 0x0000000712e00000| Untracked 
|  77|0x0000000712e00000, 0x0000000713000000, 0x0000000713000000|100%| O|  |TAMS 0x0000000712e00000, 0x0000000713000000| Untracked 
|  78|0x0000000713000000, 0x00000007130a2a00, 0x0000000713200000| 31%| O|  |TAMS 0x0000000713000000, 0x00000007130a2a00| Untracked 
|  79|0x0000000713200000, 0x0000000713200000, 0x0000000713400000|  0%| F|  |TAMS 0x0000000713200000, 0x0000000713200000| Untracked 
|  80|0x0000000713400000, 0x0000000713400000, 0x0000000713600000|  0%| F|  |TAMS 0x0000000713400000, 0x0000000713400000| Untracked 
|  81|0x0000000713600000, 0x0000000713600000, 0x0000000713800000|  0%| F|  |TAMS 0x0000000713600000, 0x0000000713600000| Untracked 
|  82|0x0000000713800000, 0x0000000713800000, 0x0000000713a00000|  0%| F|  |TAMS 0x0000000713800000, 0x0000000713800000| Untracked 
|  83|0x0000000713a00000, 0x0000000713a00000, 0x0000000713c00000|  0%| F|  |TAMS 0x0000000713a00000, 0x0000000713a00000| Untracked 
|  84|0x0000000713c00000, 0x0000000713c00000, 0x0000000713e00000|  0%| F|  |TAMS 0x0000000713c00000, 0x0000000713c00000| Untracked 
|  85|0x0000000713e00000, 0x0000000713e00000, 0x0000000714000000|  0%| F|  |TAMS 0x0000000713e00000, 0x0000000713e00000| Untracked 
|  86|0x0000000714000000, 0x0000000714000000, 0x0000000714200000|  0%| F|  |TAMS 0x0000000714000000, 0x0000000714000000| Untracked 
|  87|0x0000000714200000, 0x0000000714200000, 0x0000000714400000|  0%| F|  |TAMS 0x0000000714200000, 0x0000000714200000| Untracked 
|  88|0x0000000714400000, 0x0000000714400000, 0x0000000714600000|  0%| F|  |TAMS 0x0000000714400000, 0x0000000714400000| Untracked 
|  89|0x0000000714600000, 0x0000000714600000, 0x0000000714800000|  0%| F|  |TAMS 0x0000000714600000, 0x0000000714600000| Untracked 
|  90|0x0000000714800000, 0x0000000714800000, 0x0000000714a00000|  0%| F|  |TAMS 0x0000000714800000, 0x0000000714800000| Untracked 
|  91|0x0000000714a00000, 0x0000000714a00000, 0x0000000714c00000|  0%| F|  |TAMS 0x0000000714a00000, 0x0000000714a00000| Untracked 
|  92|0x0000000714c00000, 0x0000000714c00000, 0x0000000714e00000|  0%| F|  |TAMS 0x0000000714c00000, 0x0000000714c00000| Untracked 
|  93|0x0000000714e00000, 0x0000000714e00000, 0x0000000715000000|  0%| F|  |TAMS 0x0000000714e00000, 0x0000000714e00000| Untracked 
|  94|0x0000000715000000, 0x0000000715000000, 0x0000000715200000|  0%| F|  |TAMS 0x0000000715000000, 0x0000000715000000| Untracked 
|  95|0x0000000715200000, 0x0000000715200000, 0x0000000715400000|  0%| F|  |TAMS 0x0000000715200000, 0x0000000715200000| Untracked 
|  96|0x0000000715400000, 0x0000000715400000, 0x0000000715600000|  0%| F|  |TAMS 0x0000000715400000, 0x0000000715400000| Untracked 
|  97|0x0000000715600000, 0x0000000715600000, 0x0000000715800000|  0%| F|  |TAMS 0x0000000715600000, 0x0000000715600000| Untracked 
|  98|0x0000000715800000, 0x0000000715800000, 0x0000000715a00000|  0%| F|  |TAMS 0x0000000715800000, 0x0000000715800000| Untracked 
|  99|0x0000000715a00000, 0x0000000715a00000, 0x0000000715c00000|  0%| F|  |TAMS 0x0000000715a00000, 0x0000000715a00000| Untracked 
| 100|0x0000000715c00000, 0x0000000715c00000, 0x0000000715e00000|  0%| F|  |TAMS 0x0000000715c00000, 0x0000000715c00000| Untracked 
| 101|0x0000000715e00000, 0x0000000715e00000, 0x0000000716000000|  0%| F|  |TAMS 0x0000000715e00000, 0x0000000715e00000| Untracked 
| 102|0x0000000716000000, 0x0000000716000000, 0x0000000716200000|  0%| F|  |TAMS 0x0000000716000000, 0x0000000716000000| Untracked 
| 103|0x0000000716200000, 0x0000000716200000, 0x0000000716400000|  0%| F|  |TAMS 0x0000000716200000, 0x0000000716200000| Untracked 
| 104|0x0000000716400000, 0x0000000716400000, 0x0000000716600000|  0%| F|  |TAMS 0x0000000716400000, 0x0000000716400000| Untracked 
| 105|0x0000000716600000, 0x0000000716600000, 0x0000000716800000|  0%| F|  |TAMS 0x0000000716600000, 0x0000000716600000| Untracked 
| 106|0x0000000716800000, 0x0000000716800000, 0x0000000716a00000|  0%| F|  |TAMS 0x0000000716800000, 0x0000000716800000| Untracked 
| 107|0x0000000716a00000, 0x0000000716a00000, 0x0000000716c00000|  0%| F|  |TAMS 0x0000000716a00000, 0x0000000716a00000| Untracked 
| 108|0x0000000716c00000, 0x0000000716c00000, 0x0000000716e00000|  0%| F|  |TAMS 0x0000000716c00000, 0x0000000716c00000| Untracked 
| 109|0x0000000716e00000, 0x0000000716f04010, 0x0000000717000000| 50%| S|CS|TAMS 0x0000000716e00000, 0x0000000716e00000| Complete 
| 110|0x0000000717000000, 0x0000000717200000, 0x0000000717200000|100%| S|CS|TAMS 0x0000000717000000, 0x0000000717000000| Complete 
| 111|0x0000000717200000, 0x0000000717400000, 0x0000000717400000|100%| S|CS|TAMS 0x0000000717200000, 0x0000000717200000| Complete 
| 112|0x0000000717400000, 0x0000000717400000, 0x0000000717600000|  0%| F|  |TAMS 0x0000000717400000, 0x0000000717400000| Untracked 
| 113|0x0000000717600000, 0x0000000717600000, 0x0000000717800000|  0%| F|  |TAMS 0x0000000717600000, 0x0000000717600000| Untracked 
| 114|0x0000000717800000, 0x0000000717800000, 0x0000000717a00000|  0%| F|  |TAMS 0x0000000717800000, 0x0000000717800000| Untracked 
| 115|0x0000000717a00000, 0x0000000717a00000, 0x0000000717c00000|  0%| F|  |TAMS 0x0000000717a00000, 0x0000000717a00000| Untracked 
| 116|0x0000000717c00000, 0x0000000717c00000, 0x0000000717e00000|  0%| F|  |TAMS 0x0000000717c00000, 0x0000000717c00000| Untracked 
| 117|0x0000000717e00000, 0x0000000717e00000, 0x0000000718000000|  0%| F|  |TAMS 0x0000000717e00000, 0x0000000717e00000| Untracked 
| 118|0x0000000718000000, 0x0000000718000000, 0x0000000718200000|  0%| F|  |TAMS 0x0000000718000000, 0x0000000718000000| Untracked 
| 119|0x0000000718200000, 0x0000000718200000, 0x0000000718400000|  0%| F|  |TAMS 0x0000000718200000, 0x0000000718200000| Untracked 
| 120|0x0000000718400000, 0x0000000718400000, 0x0000000718600000|  0%| F|  |TAMS 0x0000000718400000, 0x0000000718400000| Untracked 
| 121|0x0000000718600000, 0x0000000718600000, 0x0000000718800000|  0%| F|  |TAMS 0x0000000718600000, 0x0000000718600000| Untracked 
| 122|0x0000000718800000, 0x0000000718800000, 0x0000000718a00000|  0%| F|  |TAMS 0x0000000718800000, 0x0000000718800000| Untracked 
| 123|0x0000000718a00000, 0x0000000718a00000, 0x0000000718c00000|  0%| F|  |TAMS 0x0000000718a00000, 0x0000000718a00000| Untracked 
| 124|0x0000000718c00000, 0x0000000718c00000, 0x0000000718e00000|  0%| F|  |TAMS 0x0000000718c00000, 0x0000000718c00000| Untracked 
| 125|0x0000000718e00000, 0x0000000718e00000, 0x0000000719000000|  0%| F|  |TAMS 0x0000000718e00000, 0x0000000718e00000| Untracked 
| 126|0x0000000719000000, 0x0000000719000000, 0x0000000719200000|  0%| F|  |TAMS 0x0000000719000000, 0x0000000719000000| Untracked 
| 127|0x0000000719200000, 0x0000000719200000, 0x0000000719400000|  0%| F|  |TAMS 0x0000000719200000, 0x0000000719200000| Untracked 
| 128|0x0000000719400000, 0x0000000719400000, 0x0000000719600000|  0%| F|  |TAMS 0x0000000719400000, 0x0000000719400000| Untracked 
| 129|0x0000000719600000, 0x0000000719600000, 0x0000000719800000|  0%| F|  |TAMS 0x0000000719600000, 0x0000000719600000| Untracked 
| 130|0x0000000719800000, 0x0000000719800000, 0x0000000719a00000|  0%| F|  |TAMS 0x0000000719800000, 0x0000000719800000| Untracked 
| 131|0x0000000719a00000, 0x0000000719a00000, 0x0000000719c00000|  0%| F|  |TAMS 0x0000000719a00000, 0x0000000719a00000| Untracked 
| 132|0x0000000719c00000, 0x0000000719c00000, 0x0000000719e00000|  0%| F|  |TAMS 0x0000000719c00000, 0x0000000719c00000| Untracked 
| 133|0x0000000719e00000, 0x0000000719e00000, 0x000000071a000000|  0%| F|  |TAMS 0x0000000719e00000, 0x0000000719e00000| Untracked 
| 134|0x000000071a000000, 0x000000071a000000, 0x000000071a200000|  0%| F|  |TAMS 0x000000071a000000, 0x000000071a000000| Untracked 
| 135|0x000000071a200000, 0x000000071a200000, 0x000000071a400000|  0%| F|  |TAMS 0x000000071a200000, 0x000000071a200000| Untracked 
| 136|0x000000071a400000, 0x000000071a400000, 0x000000071a600000|  0%| F|  |TAMS 0x000000071a400000, 0x000000071a400000| Untracked 
| 137|0x000000071a600000, 0x000000071a600000, 0x000000071a800000|  0%| F|  |TAMS 0x000000071a600000, 0x000000071a600000| Untracked 
| 138|0x000000071a800000, 0x000000071a800000, 0x000000071aa00000|  0%| F|  |TAMS 0x000000071a800000, 0x000000071a800000| Untracked 
| 139|0x000000071aa00000, 0x000000071aa00000, 0x000000071ac00000|  0%| F|  |TAMS 0x000000071aa00000, 0x000000071aa00000| Untracked 
| 140|0x000000071ac00000, 0x000000071ac00000, 0x000000071ae00000|  0%| F|  |TAMS 0x000000071ac00000, 0x000000071ac00000| Untracked 
| 141|0x000000071ae00000, 0x000000071ae00000, 0x000000071b000000|  0%| F|  |TAMS 0x000000071ae00000, 0x000000071ae00000| Untracked 
| 142|0x000000071b000000, 0x000000071b000000, 0x000000071b200000|  0%| F|  |TAMS 0x000000071b000000, 0x000000071b000000| Untracked 
| 143|0x000000071b200000, 0x000000071b200000, 0x000000071b400000|  0%| F|  |TAMS 0x000000071b200000, 0x000000071b200000| Untracked 
| 144|0x000000071b400000, 0x000000071b400000, 0x000000071b600000|  0%| F|  |TAMS 0x000000071b400000, 0x000000071b400000| Untracked 
| 145|0x000000071b600000, 0x000000071b600000, 0x000000071b800000|  0%| F|  |TAMS 0x000000071b600000, 0x000000071b600000| Untracked 
| 146|0x000000071b800000, 0x000000071b800000, 0x000000071ba00000|  0%| F|  |TAMS 0x000000071b800000, 0x000000071b800000| Untracked 
| 147|0x000000071ba00000, 0x000000071ba00000, 0x000000071bc00000|  0%| F|  |TAMS 0x000000071ba00000, 0x000000071ba00000| Untracked 
| 148|0x000000071bc00000, 0x000000071bc00000, 0x000000071be00000|  0%| F|  |TAMS 0x000000071bc00000, 0x000000071bc00000| Untracked 
| 149|0x000000071be00000, 0x000000071be00000, 0x000000071c000000|  0%| F|  |TAMS 0x000000071be00000, 0x000000071be00000| Untracked 
| 150|0x000000071c000000, 0x000000071c000000, 0x000000071c200000|  0%| F|  |TAMS 0x000000071c000000, 0x000000071c000000| Untracked 
| 151|0x000000071c200000, 0x000000071c200000, 0x000000071c400000|  0%| F|  |TAMS 0x000000071c200000, 0x000000071c200000| Untracked 
| 152|0x000000071c400000, 0x000000071c400000, 0x000000071c600000|  0%| F|  |TAMS 0x000000071c400000, 0x000000071c400000| Untracked 
| 153|0x000000071c600000, 0x000000071c600000, 0x000000071c800000|  0%| F|  |TAMS 0x000000071c600000, 0x000000071c600000| Untracked 
| 154|0x000000071c800000, 0x000000071c800000, 0x000000071ca00000|  0%| F|  |TAMS 0x000000071c800000, 0x000000071c800000| Untracked 
| 155|0x000000071ca00000, 0x000000071ca00000, 0x000000071cc00000|  0%| F|  |TAMS 0x000000071ca00000, 0x000000071ca00000| Untracked 
| 156|0x000000071cc00000, 0x000000071cc00000, 0x000000071ce00000|  0%| F|  |TAMS 0x000000071cc00000, 0x000000071cc00000| Untracked 
| 157|0x000000071ce00000, 0x000000071ce00000, 0x000000071d000000|  0%| F|  |TAMS 0x000000071ce00000, 0x000000071ce00000| Untracked 
| 158|0x000000071d000000, 0x000000071d000000, 0x000000071d200000|  0%| F|  |TAMS 0x000000071d000000, 0x000000071d000000| Untracked 
| 159|0x000000071d200000, 0x000000071d200000, 0x000000071d400000|  0%| F|  |TAMS 0x000000071d200000, 0x000000071d200000| Untracked 
| 160|0x000000071d400000, 0x000000071d400000, 0x000000071d600000|  0%| F|  |TAMS 0x000000071d400000, 0x000000071d400000| Untracked 
| 161|0x000000071d600000, 0x000000071d600000, 0x000000071d800000|  0%| F|  |TAMS 0x000000071d600000, 0x000000071d600000| Untracked 
| 162|0x000000071d800000, 0x000000071d800000, 0x000000071da00000|  0%| F|  |TAMS 0x000000071d800000, 0x000000071d800000| Untracked 
| 163|0x000000071da00000, 0x000000071da00000, 0x000000071dc00000|  0%| F|  |TAMS 0x000000071da00000, 0x000000071da00000| Untracked 
| 164|0x000000071dc00000, 0x000000071dc00000, 0x000000071de00000|  0%| F|  |TAMS 0x000000071dc00000, 0x000000071dc00000| Untracked 
| 165|0x000000071de00000, 0x000000071de00000, 0x000000071e000000|  0%| F|  |TAMS 0x000000071de00000, 0x000000071de00000| Untracked 
| 166|0x000000071e000000, 0x000000071e000000, 0x000000071e200000|  0%| F|  |TAMS 0x000000071e000000, 0x000000071e000000| Untracked 
| 167|0x000000071e200000, 0x000000071e200000, 0x000000071e400000|  0%| F|  |TAMS 0x000000071e200000, 0x000000071e200000| Untracked 
| 168|0x000000071e400000, 0x000000071e400000, 0x000000071e600000|  0%| F|  |TAMS 0x000000071e400000, 0x000000071e400000| Untracked 
| 169|0x000000071e600000, 0x000000071e600000, 0x000000071e800000|  0%| F|  |TAMS 0x000000071e600000, 0x000000071e600000| Untracked 
| 170|0x000000071e800000, 0x000000071e800000, 0x000000071ea00000|  0%| F|  |TAMS 0x000000071e800000, 0x000000071e800000| Untracked 
| 171|0x000000071ea00000, 0x000000071ea00000, 0x000000071ec00000|  0%| F|  |TAMS 0x000000071ea00000, 0x000000071ea00000| Untracked 
| 172|0x000000071ec00000, 0x000000071ec00000, 0x000000071ee00000|  0%| F|  |TAMS 0x000000071ec00000, 0x000000071ec00000| Untracked 
| 173|0x000000071ee00000, 0x000000071ee00000, 0x000000071f000000|  0%| F|  |TAMS 0x000000071ee00000, 0x000000071ee00000| Untracked 
| 174|0x000000071f000000, 0x000000071f000000, 0x000000071f200000|  0%| F|  |TAMS 0x000000071f000000, 0x000000071f000000| Untracked 
| 175|0x000000071f200000, 0x000000071f200000, 0x000000071f400000|  0%| F|  |TAMS 0x000000071f200000, 0x000000071f200000| Untracked 
| 176|0x000000071f400000, 0x000000071f400000, 0x000000071f600000|  0%| F|  |TAMS 0x000000071f400000, 0x000000071f400000| Untracked 
| 177|0x000000071f600000, 0x000000071f600000, 0x000000071f800000|  0%| F|  |TAMS 0x000000071f600000, 0x000000071f600000| Untracked 
| 178|0x000000071f800000, 0x000000071f800000, 0x000000071fa00000|  0%| F|  |TAMS 0x000000071f800000, 0x000000071f800000| Untracked 
| 179|0x000000071fa00000, 0x000000071fa00000, 0x000000071fc00000|  0%| F|  |TAMS 0x000000071fa00000, 0x000000071fa00000| Untracked 
| 180|0x000000071fc00000, 0x000000071fc00000, 0x000000071fe00000|  0%| F|  |TAMS 0x000000071fc00000, 0x000000071fc00000| Untracked 
| 181|0x000000071fe00000, 0x000000071fe00000, 0x0000000720000000|  0%| F|  |TAMS 0x000000071fe00000, 0x000000071fe00000| Untracked 
| 182|0x0000000720000000, 0x0000000720000000, 0x0000000720200000|  0%| F|  |TAMS 0x0000000720000000, 0x0000000720000000| Untracked 
| 183|0x0000000720200000, 0x0000000720200000, 0x0000000720400000|  0%| F|  |TAMS 0x0000000720200000, 0x0000000720200000| Untracked 
| 184|0x0000000720400000, 0x0000000720400000, 0x0000000720600000|  0%| F|  |TAMS 0x0000000720400000, 0x0000000720400000| Untracked 
| 185|0x0000000720600000, 0x0000000720600000, 0x0000000720800000|  0%| F|  |TAMS 0x0000000720600000, 0x0000000720600000| Untracked 
| 186|0x0000000720800000, 0x0000000720800000, 0x0000000720a00000|  0%| F|  |TAMS 0x0000000720800000, 0x0000000720800000| Untracked 
| 187|0x0000000720a00000, 0x0000000720a00000, 0x0000000720c00000|  0%| F|  |TAMS 0x0000000720a00000, 0x0000000720a00000| Untracked 
| 188|0x0000000720c00000, 0x0000000720c00000, 0x0000000720e00000|  0%| F|  |TAMS 0x0000000720c00000, 0x0000000720c00000| Untracked 
| 189|0x0000000720e00000, 0x0000000720e00000, 0x0000000721000000|  0%| F|  |TAMS 0x0000000720e00000, 0x0000000720e00000| Untracked 
| 190|0x0000000721000000, 0x0000000721000000, 0x0000000721200000|  0%| F|  |TAMS 0x0000000721000000, 0x0000000721000000| Untracked 
| 191|0x0000000721200000, 0x0000000721200000, 0x0000000721400000|  0%| F|  |TAMS 0x0000000721200000, 0x0000000721200000| Untracked 
| 192|0x0000000721400000, 0x0000000721400000, 0x0000000721600000|  0%| F|  |TAMS 0x0000000721400000, 0x0000000721400000| Untracked 
| 193|0x0000000721600000, 0x0000000721600000, 0x0000000721800000|  0%| F|  |TAMS 0x0000000721600000, 0x0000000721600000| Untracked 
| 194|0x0000000721800000, 0x0000000721800000, 0x0000000721a00000|  0%| F|  |TAMS 0x0000000721800000, 0x0000000721800000| Untracked 
| 195|0x0000000721a00000, 0x0000000721a00000, 0x0000000721c00000|  0%| F|  |TAMS 0x0000000721a00000, 0x0000000721a00000| Untracked 
|1964|0x00000007fec00000, 0x00000007fee00000, 0x00000007fee00000|100%| O|  |TAMS 0x00000007fee00000, 0x00000007fee00000| Untracked 
|1965|0x00000007fee00000, 0x00000007fee00000, 0x00000007ff000000|  0%| F|  |TAMS 0x00000007fee00000, 0x00000007fee00000| Untracked 
|1966|0x00000007ff000000, 0x00000007ff000000, 0x00000007ff200000|  0%| F|  |TAMS 0x00000007ff000000, 0x00000007ff000000| Untracked 
|1967|0x00000007ff200000, 0x00000007ff200000, 0x00000007ff400000|  0%| F|  |TAMS 0x00000007ff200000, 0x00000007ff200000| Untracked 
|1968|0x00000007ff400000, 0x00000007ff600000, 0x00000007ff600000|100%| O|  |TAMS 0x00000007ff600000, 0x00000007ff600000| Untracked 
|1969|0x00000007ff600000, 0x00000007ff800000, 0x00000007ff800000|100%| O|  |TAMS 0x00000007ff800000, 0x00000007ff800000| Untracked 
|1970|0x00000007ff800000, 0x00000007ffa00000, 0x00000007ffa00000|100%| O|  |TAMS 0x00000007ffa00000, 0x00000007ffa00000| Untracked 
|1971|0x00000007ffa00000, 0x00000007ffc00000, 0x00000007ffc00000|100%| O|  |TAMS 0x00000007ffc00000, 0x00000007ffc00000| Untracked 
|1972|0x00000007ffc00000, 0x00000007ffe00000, 0x00000007ffe00000|100%| O|  |TAMS 0x00000007ffe00000, 0x00000007ffe00000| Untracked 
|1973|0x00000007ffe00000, 0x0000000800000000, 0x0000000800000000|100%| O|  |TAMS 0x0000000800000000, 0x0000000800000000| Untracked 

Card table byte_map: [0x000001b4fb5c0000,0x000001b4fbd80000] _byte_map_base: 0x000001b4f7d76000

Marking Bits (Prev, Next): (CMBitMap*) 0x000001b4e3ac0020, (CMBitMap*) 0x000001b4e3abffe0
 Prev Bits: [0x000001b483db0000, 0x000001b487b60000)
 Next Bits: [0x000001b480000000, 0x000001b483db0000)

Polling page: 0x000001b4e1780000

Metaspace:

Usage:
  Non-class:     57.33 MB used.
      Class:      9.82 MB used.
       Both:     67.14 MB used.

Virtual space:
  Non-class space:       64.00 MB reserved,      58.12 MB ( 91%) committed,  1 nodes.
      Class space:        1.00 GB reserved,      10.44 MB (  1%) committed,  1 nodes.
             Both:        1.06 GB reserved,      68.56 MB (  6%) committed. 

Chunk freelists:
   Non-Class:  5.89 MB
       Class:  5.53 MB
        Both:  11.42 MB

MaxMetaspaceSize: unlimited
CompressedClassSpaceSize: 1.00 GB
Initial GC threshold: 21.00 MB
Current GC threshold: 90.75 MB
CDS: on
MetaspaceReclaimPolicy: balanced
 - commit_granule_bytes: 65536.
 - commit_granule_words: 8192.
 - virtual_space_node_default_size: 8388608.
 - enlarge_chunks_in_place: 1.
 - new_chunks_are_fully_committed: 0.
 - uncommit_free_chunks: 1.
 - use_allocation_guard: 0.
 - handle_deallocations: 1.


Internal statistics:

num_allocs_failed_limit: 9.
num_arena_births: 2248.
num_arena_deaths: 0.
num_vsnodes_births: 2.
num_vsnodes_deaths: 0.
num_space_committed: 1092.
num_space_uncommitted: 0.
num_chunks_returned_to_freelist: 9.
num_chunks_taken_from_freelist: 5203.
num_chunk_merges: 9.
num_chunk_splits: 3301.
num_chunks_enlarged: 2036.
num_inconsistent_stats: 0.

CodeHeap 'non-profiled nmethods': size=119168Kb used=7614Kb max_used=7614Kb free=111554Kb
 bounds [0x000001b4f3110000, 0x000001b4f3880000, 0x000001b4fa570000]
CodeHeap 'profiled nmethods': size=119104Kb used=16251Kb max_used=16251Kb free=102852Kb
 bounds [0x000001b4eb570000, 0x000001b4ec560000, 0x000001b4f29c0000]
CodeHeap 'non-nmethods': size=7488Kb used=3691Kb max_used=3733Kb free=3796Kb
 bounds [0x000001b4f29c0000, 0x000001b4f2da0000, 0x000001b4f3110000]
 total_blobs=10854 nmethods=9307 adapters=1456
 compilation: enabled
              stopped_count=0, restarted_count=0
 full_count=0

Compilation events (20 events):
Event: 18.108 Thread 0x000001b4fee64670 11825       3       com.google.common.collect.SingletonImmutableList::spliterator (13 bytes)
Event: 18.108 Thread 0x000001b4cdfae300 nmethod 11822 0x000001b4ec33f390 code [0x000001b4ec33f520, 0x000001b4ec33f6f8]
Event: 18.108 Thread 0x000001b487c60ec0 nmethod 11823 0x000001b4ec33f010 code [0x000001b4ec33f1c0, 0x000001b4ec33f308]
Event: 18.108 Thread 0x000001b4cf48cfa0 11826       4       com.google.common.collect.HashBiMap::get (13 bytes)
Event: 18.108 Thread 0x000001b487ce8fa0 nmethod 11824 0x000001b4ec33e910 code [0x000001b4ec33eae0, 0x000001b4ec33ee98]
Event: 18.108 Thread 0x000001b4fee64670 nmethod 11825 0x000001b4ec33df10 code [0x000001b4ec33e100, 0x000001b4ec33e6f8]
Event: 18.111 Thread 0x000001b4cf48cfa0 nmethod 11826 0x000001b4f387d010 code [0x000001b4f387d1a0, 0x000001b4f387d398]
Event: 18.120 Thread 0x000001b4cf48cfa0 11828       4       org.objectweb.asm.tree.FieldNode::<init> (31 bytes)
Event: 18.123 Thread 0x000001b4cf48cfa0 nmethod 11828 0x000001b4f387d890 code [0x000001b4f387da00, 0x000001b4f387de78]
Event: 18.131 Thread 0x000001b4cdfae300 11829       3       org.objectweb.asm.RecordComponentVisitor::<init> (7 bytes)
Event: 18.131 Thread 0x000001b4fee64670 11830       3       org.objectweb.asm.RecordComponentVisitor::<init> (79 bytes)
Event: 18.131 Thread 0x000001b4cf48cfa0 11831       4       org.objectweb.asm.tree.ClassNode::visitField (31 bytes)
Event: 18.131 Thread 0x000001b4cdfae300 nmethod 11829 0x000001b4ec33db90 code [0x000001b4ec33dd40, 0x000001b4ec33de88]
Event: 18.131 Thread 0x000001b4fee64670 nmethod 11830 0x000001b4ec33cf10 code [0x000001b4ec33d140, 0x000001b4ec33d8b8]
Event: 18.143 Thread 0x000001b4cf48cfa0 nmethod 11831 0x000001b4f387df10 code [0x000001b4f387e0c0, 0x000001b4f387ecd8]
Event: 18.143 Thread 0x000001b4cf48cfa0 11832       4       java.util.stream.AbstractPipeline::onClose (52 bytes)
Event: 18.145 Thread 0x000001b4cf48cfa0 nmethod 11832 0x000001b4f387f090 code [0x000001b4f387f200, 0x000001b4f387f3b8]
Event: 18.156 Thread 0x000001b4cf48cfa0 11834       4       java.lang.ClassLoader::preDefineClass (118 bytes)
Event: 18.156 Thread 0x000001b487ce8fa0 11837       3       net.minecraft.world.level.levelgen.BitRandomSource::nextInt (9 bytes)
Event: 18.157 Thread 0x000001b487ce8fa0 nmethod 11837 0x000001b4ec33cb10 code [0x000001b4ec33ccc0, 0x000001b4ec33ce88]

GC Heap History (20 events):
Event: 9.179 GC heap after
{Heap after GC invocations=17 (full 0):
 garbage-first heap   total 368640K, used 90623K [0x0000000709400000, 0x0000000800000000)
  region size 2048K, 2 young (4096K), 2 survivors (4096K)
 Metaspace       used 32284K, committed 33216K, reserved 1114112K
  class space    used 3813K, committed 4224K, reserved 1048576K
}
Event: 9.225 GC heap before
{Heap before GC invocations=17 (full 0):
 garbage-first heap   total 368640K, used 104959K [0x0000000709400000, 0x0000000800000000)
  region size 2048K, 9 young (18432K), 2 survivors (4096K)
 Metaspace       used 32284K, committed 33216K, reserved 1114112K
  class space    used 3813K, committed 4224K, reserved 1048576K
}
Event: 9.227 GC heap after
{Heap after GC invocations=18 (full 0):
 garbage-first heap   total 368640K, used 87059K [0x0000000709400000, 0x0000000800000000)
  region size 2048K, 2 young (4096K), 2 survivors (4096K)
 Metaspace       used 32284K, committed 33216K, reserved 1114112K
  class space    used 3813K, committed 4224K, reserved 1048576K
}
Event: 9.788 GC heap before
{Heap before GC invocations=18 (full 0):
 garbage-first heap   total 368640K, used 285715K [0x0000000709400000, 0x0000000800000000)
  region size 2048K, 99 young (202752K), 2 survivors (4096K)
 Metaspace       used 34176K, committed 35200K, reserved 1114112K
  class space    used 4019K, committed 4480K, reserved 1048576K
}
Event: 9.791 GC heap after
{Heap after GC invocations=19 (full 0):
 garbage-first heap   total 368640K, used 89319K [0x0000000709400000, 0x0000000800000000)
  region size 2048K, 3 young (6144K), 3 survivors (6144K)
 Metaspace       used 34176K, committed 35200K, reserved 1114112K
  class space    used 4019K, committed 4480K, reserved 1048576K
}
Event: 11.214 GC heap before
{Heap before GC invocations=19 (full 0):
 garbage-first heap   total 368640K, used 304359K [0x0000000709400000, 0x0000000800000000)
  region size 2048K, 102 young (208896K), 3 survivors (6144K)
 Metaspace       used 38282K, committed 39360K, reserved 1114112K
  class space    used 4565K, committed 5056K, reserved 1048576K
}
Event: 11.218 GC heap after
{Heap after GC invocations=20 (full 0):
 garbage-first heap   total 368640K, used 105509K [0x0000000709400000, 0x0000000800000000)
  region size 2048K, 5 young (10240K), 5 survivors (10240K)
 Metaspace       used 38282K, committed 39360K, reserved 1114112K
  class space    used 4565K, committed 5056K, reserved 1048576K
}
Event: 13.077 GC heap before
{Heap before GC invocations=20 (full 0):
 garbage-first heap   total 368640K, used 295973K [0x0000000709400000, 0x0000000800000000)
  region size 2048K, 98 young (200704K), 5 survivors (10240K)
 Metaspace       used 47608K, committed 48832K, reserved 1114112K
  class space    used 5902K, committed 6464K, reserved 1048576K
}
Event: 13.087 GC heap after
{Heap after GC invocations=21 (full 0):
 garbage-first heap   total 368640K, used 113684K [0x0000000709400000, 0x0000000800000000)
  region size 2048K, 9 young (18432K), 9 survivors (18432K)
 Metaspace       used 47608K, committed 48832K, reserved 1114112K
  class space    used 5902K, committed 6464K, reserved 1048576K
}
Event: 13.821 GC heap before
{Heap before GC invocations=21 (full 0):
 garbage-first heap   total 368640K, used 298004K [0x0000000709400000, 0x0000000800000000)
  region size 2048K, 99 young (202752K), 9 survivors (18432K)
 Metaspace       used 49839K, committed 51136K, reserved 1114112K
  class space    used 6285K, committed 6848K, reserved 1048576K
}
Event: 13.848 GC heap after
{Heap after GC invocations=22 (full 0):
 garbage-first heap   total 368640K, used 134326K [0x0000000709400000, 0x0000000800000000)
  region size 2048K, 13 young (26624K), 13 survivors (26624K)
 Metaspace       used 49839K, committed 51136K, reserved 1114112K
  class space    used 6285K, committed 6848K, reserved 1048576K
}
Event: 14.379 GC heap before
{Heap before GC invocations=22 (full 0):
 garbage-first heap   total 368640K, used 292022K [0x0000000709400000, 0x0000000800000000)
  region size 2048K, 90 young (184320K), 13 survivors (26624K)
 Metaspace       used 51391K, committed 52672K, reserved 1114112K
  class space    used 6582K, committed 7168K, reserved 1048576K
}
Event: 14.407 GC heap after
{Heap after GC invocations=23 (full 0):
 garbage-first heap   total 368640K, used 152164K [0x0000000709400000, 0x0000000800000000)
  region size 2048K, 9 young (18432K), 9 survivors (18432K)
 Metaspace       used 51391K, committed 52672K, reserved 1114112K
  class space    used 6582K, committed 7168K, reserved 1048576K
}
Event: 14.887 GC heap before
{Heap before GC invocations=23 (full 0):
 garbage-first heap   total 368640K, used 191076K [0x0000000709400000, 0x0000000800000000)
  region size 2048K, 29 young (59392K), 9 survivors (18432K)
 Metaspace       used 54116K, committed 55360K, reserved 1114112K
  class space    used 6921K, committed 7488K, reserved 1048576K
}
Event: 14.898 GC heap after
{Heap after GC invocations=24 (full 0):
 garbage-first heap   total 368640K, used 156829K [0x0000000709400000, 0x0000000800000000)
  region size 2048K, 2 young (4096K), 2 survivors (4096K)
 Metaspace       used 54116K, committed 55360K, reserved 1114112K
  class space    used 6921K, committed 7488K, reserved 1048576K
}
Event: 16.351 GC heap before
{Heap before GC invocations=25 (full 0):
 garbage-first heap   total 368640K, used 296093K [0x0000000709400000, 0x0000000800000000)
  region size 2048K, 70 young (143360K), 2 survivors (4096K)
 Metaspace       used 60419K, committed 61760K, reserved 1114112K
  class space    used 8391K, committed 8960K, reserved 1048576K
}
Event: 16.364 GC heap after
{Heap after GC invocations=26 (full 0):
 garbage-first heap   total 368640K, used 174455K [0x0000000709400000, 0x0000000800000000)
  region size 2048K, 9 young (18432K), 9 survivors (18432K)
 Metaspace       used 60419K, committed 61760K, reserved 1114112K
  class space    used 8391K, committed 8960K, reserved 1048576K
}
Event: 16.378 GC heap before
{Heap before GC invocations=26 (full 0):
 garbage-first heap   total 368640K, used 176503K [0x0000000709400000, 0x0000000800000000)
  region size 2048K, 10 young (20480K), 9 survivors (18432K)
 Metaspace       used 60420K, committed 61760K, reserved 1114112K
  class space    used 8391K, committed 8960K, reserved 1048576K
}
Event: 16.389 GC heap after
{Heap after GC invocations=27 (full 0):
 garbage-first heap   total 368640K, used 175333K [0x0000000709400000, 0x0000000800000000)
  region size 2048K, 1 young (2048K), 1 survivors (2048K)
 Metaspace       used 60420K, committed 61760K, reserved 1114112K
  class space    used 8391K, committed 8960K, reserved 1048576K
}
Event: 18.165 GC heap before
{Heap before GC invocations=27 (full 0):
 garbage-first heap   total 368640K, used 298213K [0x0000000709400000, 0x0000000800000000)
  region size 2048K, 61 young (124928K), 1 survivors (2048K)
 Metaspace       used 68755K, committed 70208K, reserved 1114112K
  class space    used 10054K, committed 10688K, reserved 1048576K
}

Dll operation events (14 events):
Event: 0.006 Loaded shared library C:\Users\Asus\.mcreator\gradle\jdks\eclipse_adoptium-17-amd64-windows\jdk-17.0.14+7\bin\java.dll
Event: 0.027 Loaded shared library C:\Users\Asus\.mcreator\gradle\jdks\eclipse_adoptium-17-amd64-windows\jdk-17.0.14+7\bin\jsvml.dll
Event: 0.156 Loaded shared library C:\Users\Asus\.mcreator\gradle\jdks\eclipse_adoptium-17-amd64-windows\jdk-17.0.14+7\bin\net.dll
Event: 0.159 Loaded shared library C:\Users\Asus\.mcreator\gradle\jdks\eclipse_adoptium-17-amd64-windows\jdk-17.0.14+7\bin\nio.dll
Event: 0.162 Loaded shared library C:\Users\Asus\.mcreator\gradle\jdks\eclipse_adoptium-17-amd64-windows\jdk-17.0.14+7\bin\zip.dll
Event: 0.232 Loaded shared library C:\Users\Asus\.mcreator\gradle\jdks\eclipse_adoptium-17-amd64-windows\jdk-17.0.14+7\bin\jimage.dll
Event: 0.431 Loaded shared library C:\Users\Asus\.mcreator\gradle\jdks\eclipse_adoptium-17-amd64-windows\jdk-17.0.14+7\bin\management.dll
Event: 0.454 Loaded shared library C:\Users\Asus\.mcreator\gradle\jdks\eclipse_adoptium-17-amd64-windows\jdk-17.0.14+7\bin\management_ext.dll
Event: 0.750 Loaded shared library C:\Users\Asus\.mcreator\gradle\jdks\eclipse_adoptium-17-amd64-windows\jdk-17.0.14+7\bin\extnet.dll
Event: 1.008 Loaded shared library C:\Users\Asus\.mcreator\gradle\jdks\eclipse_adoptium-17-amd64-windows\jdk-17.0.14+7\bin\verify.dll
Event: 3.941 Loaded shared library C:\Users\Asus\AppData\Local\Temp\lwjglAsus\3.3.1-build-7\lwjgl.dll
Event: 5.534 Loaded shared library C:\Users\Asus\AppData\Local\Temp\lwjglAsus\3.3.1-build-7\lwjgl_stb.dll
Event: 5.622 Loaded shared library C:\Users\Asus\AppData\Local\Temp\lwjglAsus\3.3.1-build-7\lwjgl_opengl.dll
Event: 10.483 Loaded shared library C:\Users\Asus\AppData\Local\Temp\jna-2050672\jna17500194731340340415.dll

Deoptimization events (20 events):
Event: 18.004 Thread 0x000001b4cdd875f0 Uncommon trap: trap_request=0xffffffc6 fr.pc=0x000001b4f3675f10 relative=0x0000000000000730
Event: 18.004 Thread 0x000001b4cdd875f0 Uncommon trap: reason=bimorphic_or_optimized_type_check action=maybe_recompile pc=0x000001b4f3675f10 method=com.google.common.collect.CollectCollectors.lambda$toImmutableMap$6(Ljava/util/function/Function;Ljava/util/function/Function;Lcom/google/common/co
Event: 18.004 Thread 0x000001b4cdd875f0 DEOPT PACKING pc=0x000001b4f3675f10 sp=0x00000074cb0fc3f0
Event: 18.004 Thread 0x000001b4cdd875f0 DEOPT UNPACKING pc=0x000001b4f2a169a3 sp=0x00000074cb0fc350 mode 2
Event: 18.004 Thread 0x000001b4cdd875f0 Uncommon trap: trap_request=0xffffffc6 fr.pc=0x000001b4f3675f10 relative=0x0000000000000730
Event: 18.004 Thread 0x000001b4cdd875f0 Uncommon trap: reason=bimorphic_or_optimized_type_check action=maybe_recompile pc=0x000001b4f3675f10 method=com.google.common.collect.CollectCollectors.lambda$toImmutableMap$6(Ljava/util/function/Function;Ljava/util/function/Function;Lcom/google/common/co
Event: 18.004 Thread 0x000001b4cdd875f0 DEOPT PACKING pc=0x000001b4f3675f10 sp=0x00000074cb0fc3f0
Event: 18.004 Thread 0x000001b4cdd875f0 DEOPT UNPACKING pc=0x000001b4f2a169a3 sp=0x00000074cb0fc350 mode 2
Event: 18.004 Thread 0x000001b4cdd875f0 Uncommon trap: trap_request=0xffffffc6 fr.pc=0x000001b4f3675f10 relative=0x0000000000000730
Event: 18.004 Thread 0x000001b4cdd875f0 Uncommon trap: reason=bimorphic_or_optimized_type_check action=maybe_recompile pc=0x000001b4f3675f10 method=com.google.common.collect.CollectCollectors.lambda$toImmutableMap$6(Ljava/util/function/Function;Ljava/util/function/Function;Lcom/google/common/co
Event: 18.004 Thread 0x000001b4cdd875f0 DEOPT PACKING pc=0x000001b4f3675f10 sp=0x00000074cb0fc3f0
Event: 18.004 Thread 0x000001b4cdd875f0 DEOPT UNPACKING pc=0x000001b4f2a169a3 sp=0x00000074cb0fc350 mode 2
Event: 18.004 Thread 0x000001b4cdd875f0 Uncommon trap: trap_request=0xffffffc6 fr.pc=0x000001b4f3686764 relative=0x0000000000000704
Event: 18.004 Thread 0x000001b4cdd875f0 Uncommon trap: reason=bimorphic_or_optimized_type_check action=maybe_recompile pc=0x000001b4f3686764 method=com.google.common.collect.CollectCollectors.lambda$toImmutableMap$6(Ljava/util/function/Function;Ljava/util/function/Function;Lcom/google/common/co
Event: 18.004 Thread 0x000001b4cdd875f0 DEOPT PACKING pc=0x000001b4f3686764 sp=0x00000074cb0fc350
Event: 18.004 Thread 0x000001b4cdd875f0 DEOPT UNPACKING pc=0x000001b4f2a169a3 sp=0x00000074cb0fc340 mode 2
Event: 18.045 Thread 0x000001b4cdd875f0 DEOPT PACKING pc=0x000001b4ec538c7c sp=0x00000074cb0fa730
Event: 18.045 Thread 0x000001b4cdd875f0 DEOPT UNPACKING pc=0x000001b4f2a17143 sp=0x00000074cb0f9e40 mode 0
Event: 18.136 Thread 0x000001b4cdd875f0 DEOPT PACKING pc=0x000001b4ec538de7 sp=0x00000074cb0fd640
Event: 18.136 Thread 0x000001b4cdd875f0 DEOPT UNPACKING pc=0x000001b4f2a17143 sp=0x00000074cb0fcd50 mode 0

Classes loaded (20 events):
Event: 15.395 Loading class java/util/concurrent/CompletableFuture$AsyncRun
Event: 15.395 Loading class java/util/concurrent/CompletableFuture$AsyncRun done
Event: 15.397 Loading class java/util/concurrent/CompletableFuture$UniExceptionally
Event: 15.398 Loading class java/util/concurrent/CompletableFuture$UniExceptionally done
Event: 15.401 Loading class java/util/concurrent/CompletableFuture$BiRelay
Event: 15.401 Loading class java/util/concurrent/CompletableFuture$BiCompletion
Event: 15.401 Loading class java/util/concurrent/CompletableFuture$BiCompletion done
Event: 15.401 Loading class java/util/concurrent/CompletableFuture$BiRelay done
Event: 15.401 Loading class java/util/concurrent/CompletableFuture$CoCompletion
Event: 15.402 Loading class java/util/concurrent/CompletableFuture$CoCompletion done
Event: 15.402 Loading class java/util/concurrent/CompletableFuture$UniAccept
Event: 15.403 Loading class java/util/concurrent/CompletableFuture$UniAccept done
Event: 15.562 Loading class java/time/Instant$1
Event: 15.562 Loading class java/time/Instant$1 done
Event: 16.552 Loading class java/util/concurrent/CancellationException
Event: 16.552 Loading class java/util/concurrent/CancellationException done
Event: 16.626 Loading class java/util/IdentityHashMap$ValueIterator
Event: 16.627 Loading class java/util/IdentityHashMap$ValueIterator done
Event: 17.964 Loading class java/util/function/LongToDoubleFunction
Event: 17.964 Loading class java/util/function/LongToDoubleFunction done

Classes unloaded (0 events):
No events

Classes redefined (0 events):
No events

Internal exceptions (20 events):
Event: 17.303 Thread 0x000001b4cdd875f0 Exception <a 'java/lang/NoSuchMethodError'{0x000000071b1da7e8}: 'java.lang.Object java.lang.invoke.Invokers$Holder.linkToTargetMethod(float, float, java.lang.Object)'> (0x000000071b1da7e8) 
thrown [s\src\hotspot\share\interpreter\linkResolver.cpp, line 759]
Event: 17.379 Thread 0x000001b4cdd875f0 Exception <a 'java/lang/IncompatibleClassChangeError'{0x000000071a986600}: Found class java.lang.Object, but interface was expected> (0x000000071a986600) 
thrown [s\src\hotspot\share\interpreter\linkResolver.cpp, line 826]
Event: 17.433 Thread 0x000001b4cdd875f0 Exception <a 'java/lang/NoSuchMethodError'{0x000000071a5433d0}: 'java.lang.Object java.lang.invoke.DirectMethodHandle$Holder.newInvokeSpecial(java.lang.Object, java.lang.Object, java.lang.Object, java.lang.Object, int)'> (0x000000071a5433d0) 
thrown [s\src\hotspot\share\interpreter\linkResolver.cpp, line 759]
Event: 17.443 Thread 0x000001b4cdd875f0 Exception <a 'java/lang/IncompatibleClassChangeError'{0x000000071a22f9f8}: Found class java.lang.Object, but interface was expected> (0x000000071a22f9f8) 
thrown [s\src\hotspot\share\interpreter\linkResolver.cpp, line 826]
Event: 17.466 Thread 0x000001b4cdd875f0 Exception <a 'java/lang/NoSuchMethodError'{0x000000071a360048}: 'java.lang.Object java.lang.invoke.DirectMethodHandle$Holder.newInvokeSpecial(java.lang.Object, java.lang.Object, int, float)'> (0x000000071a360048) 
thrown [s\src\hotspot\share\interpreter\linkResolver.cpp, line 759]
Event: 17.482 Thread 0x000001b4cdd875f0 Exception <a 'java/lang/NoSuchMethodError'{0x000000071a05f1a8}: 'java.lang.Object java.lang.invoke.DirectMethodHandle$Holder.newInvokeSpecial(java.lang.Object, java.lang.Object, java.lang.Object, java.lang.Object, java.lang.Object, java.lang.Object, int)'> (0x000000071a05f1a8) 
thrown [s\src\hotspot\share\interpreter\linkResolver.cpp, line 759]
Event: 17.525 Thread 0x000001b4cdd875f0 Exception <a 'java/lang/IncompatibleClassChangeError'{0x0000000719efe468}: Found class java.lang.Object, but interface was expected> (0x0000000719efe468) 
thrown [s\src\hotspot\share\interpreter\linkResolver.cpp, line 826]
Event: 17.533 Thread 0x000001b4cdd875f0 Exception <a 'java/lang/IncompatibleClassChangeError'{0x0000000719f67600}: Found class java.lang.Object, but interface was expected> (0x0000000719f67600) 
thrown [s\src\hotspot\share\interpreter\linkResolver.cpp, line 826]
Event: 17.755 Thread 0x000001b4cdd875f0 Exception <a 'java/lang/NoSuchMethodError'{0x0000000718d79438}: 'java.lang.Object java.lang.invoke.DirectMethodHandle$Holder.newInvokeSpecial(java.lang.Object, java.lang.Object, java.lang.Object, int, int)'> (0x0000000718d79438) 
thrown [s\src\hotspot\share\interpreter\linkResolver.cpp, line 759]
Event: 17.986 Thread 0x000001b4cdd875f0 Exception <a 'java/lang/NoSuchMethodError'{0x0000000717e37dd0}: 'java.lang.Object java.lang.invoke.DirectMethodHandle$Holder.newInvokeSpecial(java.lang.Object, java.lang.Object, double)'> (0x0000000717e37dd0) 
thrown [s\src\hotspot\share\interpreter\linkResolver.cpp, line 759]
Event: 17.989 Thread 0x000001b4cdd875f0 Exception <a 'java/lang/NoSuchMethodError'{0x0000000717e61078}: 'java.lang.Object java.lang.invoke.DirectMethodHandle$Holder.newInvokeSpecial(java.lang.Object, java.lang.Object, int, int, int)'> (0x0000000717e61078) 
thrown [s\src\hotspot\share\interpreter\linkResolver.cpp, line 759]
Event: 17.994 Thread 0x000001b4cdd875f0 Exception <a 'java/lang/IncompatibleClassChangeError'{0x0000000717e9a848}: Found class java.lang.Object, but interface was expected> (0x0000000717e9a848) 
thrown [s\src\hotspot\share\interpreter\linkResolver.cpp, line 826]
Event: 18.033 Thread 0x000001b4cdd875f0 Exception <a 'java/lang/NoSuchMethodError'{0x0000000717cbe1d8}: 'long java.lang.invoke.DirectMethodHandle$Holder.invokeStaticInit(java.lang.Object, float)'> (0x0000000717cbe1d8) 
thrown [s\src\hotspot\share\interpreter\linkResolver.cpp, line 759]
Event: 18.034 Thread 0x000001b4cdd875f0 Exception <a 'java/lang/NoSuchMethodError'{0x0000000717cc4658}: 'float java.lang.invoke.DirectMethodHandle$Holder.invokeStatic(java.lang.Object, long)'> (0x0000000717cc4658) 
thrown [s\src\hotspot\share\interpreter\linkResolver.cpp, line 759]
Event: 18.034 Thread 0x000001b4cdd875f0 Exception <a 'java/lang/NoSuchMethodError'{0x0000000717cc7dc8}: 'float java.lang.invoke.DirectMethodHandle$Holder.invokeStaticInit(java.lang.Object, long)'> (0x0000000717cc7dc8) 
thrown [s\src\hotspot\share\interpreter\linkResolver.cpp, line 759]
Event: 18.035 Thread 0x000001b4cdd875f0 Exception <a 'java/lang/NoSuchMethodError'{0x0000000717cd1758}: 'java.lang.Object java.lang.invoke.DirectMethodHandle$Holder.newInvokeSpecial(java.lang.Object, java.lang.Object, java.lang.Object, java.lang.Object, java.lang.Object, java.lang.Object, java.lang.Object, long)'> (0x0000000717cd1758) 
thrown [s\src\hotspot\share\interpreter\linkResolver.cpp, line 759]
Event: 18.070 Thread 0x000001b4cdd875f0 Exception <a 'java/lang/NoSuchMethodError'{0x0000000717b875c8}: 'java.lang.Object java.lang.invoke.DirectMethodHandle$Holder.newInvokeSpecial(java.lang.Object, int, int, int, int)'> (0x0000000717b875c8) 
thrown [s\src\hotspot\share\interpreter\linkResolver.cpp, line 759]
Event: 18.078 Thread 0x000001b4cdd875f0 Exception <a 'java/lang/NoSuchMethodError'{0x000000071780f580}: 'java.lang.Object java.lang.invoke.DirectMethodHandle$Holder.newInvokeSpecial(java.lang.Object, java.lang.Object, java.lang.Object, java.lang.Object, java.lang.Object, java.lang.Object, java.lang.Object, java.lang.Object, java.lang.Object, java.lang.Object, java.lang.Object, java.lang.Object, java.lang.Object, java.lang.Object, java.lang.Object, java.lang.Object)'> (0x000000071780f580) 
thrown [s\src\hotspot\share\interpreter\linkResolver.cpp,
Event: 18.119 Thread 0x000001b4cdd875f0 Exception <a 'java/lang/NoSuchMethodError'{0x000000071770e288}: 'java.lang.Object java.lang.invoke.DirectMethodHandle$Holder.newInvokeSpecial(java.lang.Object, java.lang.Object, double, double)'> (0x000000071770e288) 
thrown [s\src\hotspot\share\interpreter\linkResolver.cpp, line 759]
Event: 18.148 Thread 0x000001b4cdd875f0 Exception <a 'java/lang/NoSuchMethodError'{0x00000007174ca480}: 'java.lang.Object java.lang.invoke.DirectMethodHandle$Holder.invokeStaticInit(java.lang.Object, double, double, double, double, double)'> (0x00000007174ca480) 
thrown [s\src\hotspot\share\interpreter\linkResolver.cpp, line 759]

VM Operations (20 events):
Event: 15.531 Executing VM operation: ICBufferFull done
Event: 16.085 Executing VM operation: HandshakeAllThreads
Event: 16.086 Executing VM operation: HandshakeAllThreads done
Event: 16.130 Executing VM operation: HandshakeAllThreads
Event: 16.130 Executing VM operation: HandshakeAllThreads done
Event: 16.351 Executing VM operation: G1CollectForAllocation
Event: 16.364 Executing VM operation: G1CollectForAllocation done
Event: 16.378 Executing VM operation: G1CollectForAllocation
Event: 16.389 Executing VM operation: G1CollectForAllocation done
Event: 16.848 Executing VM operation: HandshakeAllThreads
Event: 16.848 Executing VM operation: HandshakeAllThreads done
Event: 17.629 Executing VM operation: HandshakeAllThreads
Event: 17.629 Executing VM operation: HandshakeAllThreads done
Event: 17.629 Executing VM operation: Cleanup
Event: 17.629 Executing VM operation: Cleanup done
Event: 17.800 Executing VM operation: HandshakeAllThreads
Event: 17.800 Executing VM operation: HandshakeAllThreads done
Event: 18.047 Executing VM operation: HandshakeAllThreads
Event: 18.048 Executing VM operation: HandshakeAllThreads done
Event: 18.165 Executing VM operation: G1CollectForAllocation

Memory protections (0 events):
No events

Nmethod flushes (20 events):
Event: 14.948 Thread 0x000001b4fee72eb0 flushing  nmethod 0x000001b4ec452590
Event: 14.948 Thread 0x000001b4fee72eb0 flushing  nmethod 0x000001b4ec496790
Event: 14.948 Thread 0x000001b4fee72eb0 flushing  nmethod 0x000001b4ec497c10
Event: 14.948 Thread 0x000001b4fee72eb0 flushing  nmethod 0x000001b4ec499790
Event: 14.948 Thread 0x000001b4fee72eb0 flushing  nmethod 0x000001b4ec49b310
Event: 14.948 Thread 0x000001b4fee72eb0 flushing  nmethod 0x000001b4ec4a1410
Event: 14.948 Thread 0x000001b4fee72eb0 flushing  nmethod 0x000001b4ec4a1a90
Event: 14.948 Thread 0x000001b4fee72eb0 flushing  nmethod 0x000001b4ec4a2890
Event: 14.948 Thread 0x000001b4fee72eb0 flushing  nmethod 0x000001b4ec4a3890
Event: 14.948 Thread 0x000001b4fee72eb0 flushing  nmethod 0x000001b4ec4a5d10
Event: 14.948 Thread 0x000001b4fee72eb0 flushing  nmethod 0x000001b4ec4a6990
Event: 14.948 Thread 0x000001b4fee72eb0 flushing  nmethod 0x000001b4ec4b0910
Event: 14.948 Thread 0x000001b4fee72eb0 flushing  nmethod 0x000001b4ec4b1010
Event: 14.948 Thread 0x000001b4fee72eb0 flushing  nmethod 0x000001b4ec4c2d10
Event: 14.948 Thread 0x000001b4fee72eb0 flushing  nmethod 0x000001b4ec4d1390
Event: 14.948 Thread 0x000001b4fee72eb0 flushing  nmethod 0x000001b4ec4d1790
Event: 16.855 Thread 0x000001b4fee72eb0 flushing  nmethod 0x000001b4eb813310
Event: 16.856 Thread 0x000001b4fee72eb0 flushing  nmethod 0x000001b4eb9a7b90
Event: 16.860 Thread 0x000001b4fee72eb0 flushing  nmethod 0x000001b4ebdca910
Event: 16.864 Thread 0x000001b4fee72eb0 flushing  nmethod 0x000001b4ec282e10

Events (20 events):
Event: 1.551 Thread 0x000001b4cd74bdf0 Thread added: 0x000001b4cd852fa0
Event: 1.593 Thread 0x000001b4cd852fa0 Thread added: 0x000001b4cd852070
Event: 3.564 Thread 0x000001b4e3a53b60 Thread added: 0x000001b4cd850c30
Event: 3.570 Thread 0x000001b4cd850c30 Thread exited: 0x000001b4cd850c30
Event: 3.579 Thread 0x000001b4e3a53b60 Thread added: 0x000001b4cd850c30
Event: 3.587 Thread 0x000001b4cd850c30 Thread exited: 0x000001b4cd850c30
Event: 4.008 Thread 0x000001b4e3a53b60 Thread added: 0x000001b4cd851650
Event: 4.500 Thread 0x000001b487ce7180 Thread exited: 0x000001b487ce7180
Event: 5.502 Thread 0x000001b4cde4b060 Thread exited: 0x000001b4cde4b060
Event: 5.502 Thread 0x000001b4cd766c00 Thread exited: 0x000001b4cd766c00
Event: 5.517 Thread 0x000001b4fee64670 Thread added: 0x000001b4cde4b060
Event: 7.379 Thread 0x000001b4fee64670 Thread added: 0x000001b4cdfae300
Event: 7.559 Thread 0x000001b4fee64670 Thread added: 0x000001b487ce8fa0
Event: 7.773 Thread 0x000001b4e3a53b60 Thread added: 0x000001b4cd852a90
Event: 10.160 Thread 0x000001b4fee62100 Thread added: 0x000001b4d09d2ff0
Event: 10.526 Thread 0x000001b4e3a53b60 Thread added: 0x000001b4cdd83930
Event: 10.604 Thread 0x000001b4fee64670 Thread added: 0x000001b4cf48cfa0
Event: 11.615 Thread 0x000001b4e3a53b60 Thread added: 0x000001b4cdd875f0
Event: 15.397 Thread 0x000001b4cdd875f0 Thread added: 0x000001b4cdd87b00
Event: 16.364 Thread 0x000001b4cdd87b00 Thread exited: 0x000001b4cdd87b00


Dynamic libraries:
0x00007ff750000000 - 0x00007ff75000e000 	C:\Users\Asus\.mcreator\gradle\jdks\eclipse_adoptium-17-amd64-windows\jdk-17.0.14+7\bin\java.exe
0x00007ff966eb0000 - 0x00007ff9670a8000 	C:\Windows\SYSTEM32\ntdll.dll
0x00007ff964f60000 - 0x00007ff965022000 	C:\Windows\System32\KERNEL32.DLL
0x00007ff9649e0000 - 0x00007ff964cdf000 	C:\Windows\System32\KERNELBASE.dll
0x00007ff964750000 - 0x00007ff964850000 	C:\Windows\System32\ucrtbase.dll
0x00007ff947060000 - 0x00007ff947077000 	C:\Users\Asus\.mcreator\gradle\jdks\eclipse_adoptium-17-amd64-windows\jdk-17.0.14+7\bin\jli.dll
0x00007ff94e9b0000 - 0x00007ff94e9ce000 	C:\Users\Asus\.mcreator\gradle\jdks\eclipse_adoptium-17-amd64-windows\jdk-17.0.14+7\bin\VCRUNTIME140.dll
0x00007ff9655b0000 - 0x00007ff96574d000 	C:\Windows\System32\USER32.dll
0x00007ff964df0000 - 0x00007ff964e12000 	C:\Windows\System32\win32u.dll
0x00007ff9531c0000 - 0x00007ff95345a000 	C:\Windows\WinSxS\amd64_microsoft.windows.common-controls_6595b64144ccf1df_6.0.19041.4355_none_60b8b9eb71f62e16\COMCTL32.dll
0x00007ff965bd0000 - 0x00007ff965bfb000 	C:\Windows\System32\GDI32.dll
0x00007ff9661f0000 - 0x00007ff96628e000 	C:\Windows\System32\msvcrt.dll
0x00007ff964850000 - 0x00007ff96496a000 	C:\Windows\System32\gdi32full.dll
0x00007ff9646b0000 - 0x00007ff96474d000 	C:\Windows\System32\msvcp_win.dll
0x00007ff9661c0000 - 0x00007ff9661ef000 	C:\Windows\System32\IMM32.DLL
0x00007ff951c00000 - 0x00007ff951c0c000 	C:\Users\Asus\.mcreator\gradle\jdks\eclipse_adoptium-17-amd64-windows\jdk-17.0.14+7\bin\vcruntime140_1.dll
0x00007ff903660000 - 0x00007ff9036ed000 	C:\Users\Asus\.mcreator\gradle\jdks\eclipse_adoptium-17-amd64-windows\jdk-17.0.14+7\bin\msvcp140.dll
0x00007ff891640000 - 0x00007ff8922ab000 	C:\Users\Asus\.mcreator\gradle\jdks\eclipse_adoptium-17-amd64-windows\jdk-17.0.14+7\bin\server\jvm.dll
0x00007ff965090000 - 0x00007ff96513f000 	C:\Windows\System32\ADVAPI32.dll
0x00007ff966590000 - 0x00007ff96662f000 	C:\Windows\System32\sechost.dll
0x00007ff966450000 - 0x00007ff966573000 	C:\Windows\System32\RPCRT4.dll
0x00007ff964ce0000 - 0x00007ff964d07000 	C:\Windows\System32\bcrypt.dll
0x00007ff966150000 - 0x00007ff9661bb000 	C:\Windows\System32\WS2_32.dll
0x00007ff95bd60000 - 0x00007ff95bd6a000 	C:\Windows\SYSTEM32\VERSION.dll
0x00007ff95ac90000 - 0x00007ff95acb7000 	C:\Windows\SYSTEM32\WINMM.dll
0x00007ff963ae0000 - 0x00007ff963b2b000 	C:\Windows\SYSTEM32\POWRPROF.dll
0x00007ff963950000 - 0x00007ff963962000 	C:\Windows\SYSTEM32\UMPDC.dll
0x00007ff962da0000 - 0x00007ff962db2000 	C:\Windows\SYSTEM32\kernel.appcore.dll
0x00007ff94f3c0000 - 0x00007ff94f3ca000 	C:\Users\Asus\.mcreator\gradle\jdks\eclipse_adoptium-17-amd64-windows\jdk-17.0.14+7\bin\jimage.dll
0x00007ff9628c0000 - 0x00007ff962aa4000 	C:\Windows\SYSTEM32\DBGHELP.DLL
0x00007ff959380000 - 0x00007ff9593b4000 	C:\Windows\SYSTEM32\dbgcore.DLL
0x00007ff964d10000 - 0x00007ff964d92000 	C:\Windows\System32\bcryptPrimitives.dll
0x00007ff946e30000 - 0x00007ff946e55000 	C:\Users\Asus\.mcreator\gradle\jdks\eclipse_adoptium-17-amd64-windows\jdk-17.0.14+7\bin\java.dll
0x00007ff902a60000 - 0x00007ff902b37000 	C:\Users\Asus\.mcreator\gradle\jdks\eclipse_adoptium-17-amd64-windows\jdk-17.0.14+7\bin\jsvml.dll
0x00007ff966650000 - 0x00007ff966dbd000 	C:\Windows\System32\SHELL32.dll
0x00007ff962100000 - 0x00007ff9628a4000 	C:\Windows\SYSTEM32\windows.storage.dll
0x00007ff965c00000 - 0x00007ff965f55000 	C:\Windows\System32\combase.dll
0x00007ff963f80000 - 0x00007ff963faf000 	C:\Windows\SYSTEM32\Wldp.dll
0x00007ff965f70000 - 0x00007ff96603d000 	C:\Windows\System32\OLEAUT32.dll
0x00007ff966dc0000 - 0x00007ff966e6d000 	C:\Windows\System32\SHCORE.dll
0x00007ff965340000 - 0x00007ff965395000 	C:\Windows\System32\shlwapi.dll
0x00007ff964480000 - 0x00007ff9644a4000 	C:\Windows\SYSTEM32\profapi.dll
0x00007ff940980000 - 0x00007ff940999000 	C:\Users\Asus\.mcreator\gradle\jdks\eclipse_adoptium-17-amd64-windows\jdk-17.0.14+7\bin\net.dll
0x00007ff95b1e0000 - 0x00007ff95b2ea000 	C:\Windows\SYSTEM32\WINHTTP.dll
0x00007ff963ce0000 - 0x00007ff963d4c000 	C:\Windows\system32\mswsock.dll
0x00007ff940960000 - 0x00007ff940976000 	C:\Users\Asus\.mcreator\gradle\jdks\eclipse_adoptium-17-amd64-windows\jdk-17.0.14+7\bin\nio.dll
0x00007ff931310000 - 0x00007ff931328000 	C:\Users\Asus\.mcreator\gradle\jdks\eclipse_adoptium-17-amd64-windows\jdk-17.0.14+7\bin\zip.dll
0x00007ff948cd0000 - 0x00007ff948cda000 	C:\Users\Asus\.mcreator\gradle\jdks\eclipse_adoptium-17-amd64-windows\jdk-17.0.14+7\bin\management.dll
0x00007ff947030000 - 0x00007ff94703b000 	C:\Users\Asus\.mcreator\gradle\jdks\eclipse_adoptium-17-amd64-windows\jdk-17.0.14+7\bin\management_ext.dll
0x00007ff966580000 - 0x00007ff966588000 	C:\Windows\System32\PSAPI.DLL
0x00007ff931040000 - 0x00007ff931057000 	C:\Windows\system32\napinsp.dll
0x00007ff9312d0000 - 0x00007ff9312eb000 	C:\Windows\system32\pnrpnsp.dll
0x00007ff960220000 - 0x00007ff960235000 	C:\Windows\system32\wshbth.dll
0x00007ff95e890000 - 0x00007ff95e8ad000 	C:\Windows\system32\NLAapi.dll
0x00007ff963970000 - 0x00007ff9639ab000 	C:\Windows\SYSTEM32\IPHLPAPI.DLL
0x00007ff9639b0000 - 0x00007ff963a7a000 	C:\Windows\SYSTEM32\DNSAPI.dll
0x00007ff965f60000 - 0x00007ff965f68000 	C:\Windows\System32\NSI.dll
0x00007ff9312f0000 - 0x00007ff931302000 	C:\Windows\System32\winrnr.dll
0x0000000064c80000 - 0x0000000064ca6000 	C:\Program Files\Bonjour\mdnsNSP.dll
0x00007ff95d850000 - 0x00007ff95d85a000 	C:\Windows\System32\rasadhlp.dll
0x00007ff951d10000 - 0x00007ff951d90000 	C:\Windows\System32\fwpuclnt.dll
0x00007ff963ee0000 - 0x00007ff963ef8000 	C:\Windows\SYSTEM32\CRYPTSP.dll
0x00007ff963590000 - 0x00007ff9635c4000 	C:\Windows\system32\rsaenh.dll
0x00007ff964400000 - 0x00007ff96442e000 	C:\Windows\SYSTEM32\USERENV.dll
0x00007ff963ed0000 - 0x00007ff963edc000 	C:\Windows\SYSTEM32\CRYPTBASE.dll
0x00007ff95bdd0000 - 0x00007ff95bde7000 	C:\Windows\SYSTEM32\dhcpcsvc6.DLL
0x00007ff95cd70000 - 0x00007ff95cd8d000 	C:\Windows\SYSTEM32\dhcpcsvc.DLL
0x00007ff938750000 - 0x00007ff938759000 	C:\Users\Asus\.mcreator\gradle\jdks\eclipse_adoptium-17-amd64-windows\jdk-17.0.14+7\bin\extnet.dll
0x00007ff934790000 - 0x00007ff9347a0000 	C:\Users\Asus\.mcreator\gradle\jdks\eclipse_adoptium-17-amd64-windows\jdk-17.0.14+7\bin\verify.dll
0x00007ff9487e0000 - 0x00007ff948831000 	C:\Windows\SYSTEM32\pdh.dll
0x00007ff9309c0000 - 0x00007ff9309cf000 	C:\Windows\System32\perfproc.dll
0x00007ff95f9d0000 - 0x00007ff95f9df000 	C:\Windows\System32\perfos.dll
0x00007ff8ffe80000 - 0x00007ff8ffef5000 	C:\Users\Asus\AppData\Local\Temp\lwjglAsus\3.3.1-build-7\lwjgl.dll
0x00007ff91fb30000 - 0x00007ff91fb91000 	C:\Users\Asus\AppData\Local\Temp\lwjglAsus\3.3.1-build-7\glfw.dll
0x00007ff91f6c0000 - 0x00007ff91f705000 	C:\Windows\SYSTEM32\dinput8.dll
0x00007ff9523d0000 - 0x00007ff9523e1000 	C:\Windows\SYSTEM32\xinput1_4.dll
0x00007ff964da0000 - 0x00007ff964dee000 	C:\Windows\System32\cfgmgr32.dll
0x00007ff9642e0000 - 0x00007ff964313000 	C:\Windows\SYSTEM32\DEVOBJ.dll
0x00007ff9612d0000 - 0x00007ff9612ff000 	C:\Windows\SYSTEM32\dwmapi.dll
0x00007ff938810000 - 0x00007ff938962000 	C:\Windows\SYSTEM32\inputhost.dll
0x00007ff9602a0000 - 0x00007ff9603f7000 	C:\Windows\SYSTEM32\wintypes.dll
0x00007ff95c910000 - 0x00007ff95cc6b000 	C:\Windows\SYSTEM32\CoreUIComponents.dll
0x00007ff95ebf0000 - 0x00007ff95ece2000 	C:\Windows\SYSTEM32\CoreMessaging.dll
0x00007ff960a70000 - 0x00007ff960b66000 	C:\Windows\SYSTEM32\PROPSYS.dll
0x00007ff9637e0000 - 0x00007ff963813000 	C:\Windows\SYSTEM32\ntmarta.dll
0x00007ff961060000 - 0x00007ff9610fe000 	C:\Windows\system32\uxtheme.dll
0x00007ff965220000 - 0x00007ff965335000 	C:\Windows\System32\MSCTF.dll
0x00007ff8bb680000 - 0x00007ff8bb7a8000 	C:\Windows\SYSTEM32\opengl32.dll
0x00007ff8fa7e0000 - 0x00007ff8fa80c000 	C:\Windows\SYSTEM32\GLU32.dll
0x00007ff966040000 - 0x00007ff9660e9000 	C:\Windows\System32\clbcatq.dll
0x00007ff8fa200000 - 0x00007ff8fa22a000 	C:\Windows\System32\DriverStore\FileRepository\u0362957.inf_amd64_47170f5efa6cd04e\B362672\atig6pxx.dll
0x00007ff8b8990000 - 0x00007ff8bb677000 	C:\Windows\System32\DriverStore\FileRepository\u0362957.inf_amd64_47170f5efa6cd04e\B362672\atio6axx.dll
0x00007ff965750000 - 0x00007ff965bc1000 	C:\Windows\System32\SETUPAPI.dll
0x00007ff966320000 - 0x00007ff96644b000 	C:\Windows\System32\ole32.dll
0x00007ff950e00000 - 0x00007ff950e24000 	C:\Windows\SYSTEM32\dxva2.dll
0x00007ff8f8cd0000 - 0x00007ff8f8d0c000 	C:\Windows\System32\DriverStore\FileRepository\u0362957.inf_amd64_47170f5efa6cd04e\B362672\atig6txx.dll
0x00007ff921630000 - 0x00007ff9217e9000 	C:\Windows\SYSTEM32\atiadlxx.dll
0x00007ff964970000 - 0x00007ff9649d9000 	C:\Windows\System32\WINTRUST.dll
0x00007ff964550000 - 0x00007ff9646ac000 	C:\Windows\System32\CRYPT32.dll
0x00007ff964110000 - 0x00007ff964122000 	C:\Windows\SYSTEM32\MSASN1.dll
0x00007ff959990000 - 0x00007ff9599cb000 	C:\Windows\SYSTEM32\dxcore.dll
0x00007ff8e2530000 - 0x00007ff8e2789000 	C:\Users\Asus\AppData\Local\Temp\lwjglAsus\3.3.1-build-7\jemalloc.dll
0x00007ff8fec10000 - 0x00007ff8fec91000 	C:\Users\Asus\AppData\Local\Temp\lwjglAsus\3.3.1-build-7\lwjgl_stb.dll
0x00007ff938b40000 - 0x00007ff938c39000 	C:\Windows\SYSTEM32\textinputframework.dll
0x00007ff903de0000 - 0x00007ff903e3d000 	C:\Users\Asus\AppData\Local\Temp\lwjglAsus\3.3.1-build-7\lwjgl_opengl.dll
0x00007ff921280000 - 0x00007ff9212c0000 	C:\Users\Asus\AppData\Local\Temp\jna-2050672\jna17500194731340340415.dll
0x00007ff955690000 - 0x00007ff9556af000 	C:\Windows\SYSTEM32\amsi.dll
0x00007ff927eb0000 - 0x00007ff927fa8000 	C:\Program Files\Avast Software\Avast\aswAMSI.dll

dbghelp: loaded successfully - version: 4.0.5 - missing functions: none
symbol engine: initialized successfully - sym options: 0x614 - pdb path: .;C:\Users\Asus\.mcreator\gradle\jdks\eclipse_adoptium-17-amd64-windows\jdk-17.0.14+7\bin;C:\Windows\SYSTEM32;C:\Windows\WinSxS\amd64_microsoft.windows.common-controls_6595b64144ccf1df_6.0.19041.4355_none_60b8b9eb71f62e16;C:\Users\Asus\.mcreator\gradle\jdks\eclipse_adoptium-17-amd64-windows\jdk-17.0.14+7\bin\server;C:\Program Files\Bonjour;C:\Users\Asus\AppData\Local\Temp\lwjglAsus\3.3.1-build-7;C:\Windows\System32\DriverStore\FileRepository\u0362957.inf_amd64_47170f5efa6cd04e\B362672;C:\Users\Asus\AppData\Local\Temp\jna-2050672;C:\Program Files\Avast Software\Avast

VM Arguments:
jvm_args: -Dcom.sun.management.jmxremote.authenticate=false -Dcom.sun.management.jmxremote.local.only=true -Dcom.sun.management.jmxremote.port=1099 -Dcom.sun.management.jmxremote.ssl=false -Dforge.enableGameTest=true -Dforge.logging.console.level=debug -Dforge.logging.markers=REGISTRIES -DignoreList=bootstraplauncher,securejarhandler,asm-commons,asm-util,asm-analysis,asm-tree,asm,JarJarFileSystems,client-extra,fmlcore,javafmllanguage,lowcodelanguage,mclanguage,forge- -Djava.net.preferIPv6Addresses=system -DlegacyClassPath.file=C:\Users\Asus\MCreatorWorkspaces\extra_building_blocks\build\classpath\runClient_minecraftClasspath.txt -DmergeModules=jna-5.10.0.jar,jna-platform-5.10.0.jar --module-path=C:\Users\Asus\.mcreator\gradle\caches\modules-2\files-2.1\cpw.mods\bootstraplauncher\1.1.2\c546e00443d8432cda6baa1c860346980742628\bootstraplauncher-1.1.2.jar;C:\Users\Asus\.mcreator\gradle\caches\modules-2\files-2.1\cpw.mods\securejarhandler\2.1.10\51e6a22c6c716beb11e244bf5b8be480f51dd6b5\securejarhandler-2.1.10.jar;C:\Users\Asus\.mcreator\gradle\caches\modules-2\files-2.1\org.ow2.asm\asm-commons\9.7\e86dda4696d3c185fcc95d8d311904e7ce38a53f\asm-commons-9.7.jar;C:\Users\Asus\.mcreator\gradle\caches\modules-2\files-2.1\org.ow2.asm\asm-util\9.7\c0655519f24d92af2202cb681cd7c1569df6ead6\asm-util-9.7.jar;C:\Users\Asus\.mcreator\gradle\caches\modules-2\files-2.1\org.ow2.asm\asm-analysis\9.7\e4a258b7eb96107106c0599f0061cfc1832fe07a\asm-analysis-9.7.jar;C:\Users\Asus\.mcreator\gradle\caches\modules-2\files-2.1\org.ow2.asm\asm-tree\9.7\e446a17b175bfb733b87c5c2560ccb4e57d69f1a\asm-tree-9.7.jar;C:\Users\Asus\.mcreator\gradle\caches\modules-2\files-2.1\org.ow2.asm\asm\9.7\73d7b3086e14beb604ced229c302feff6449723\asm-9.7.jar;C:\Users\Asus\.mcreator\gradle\caches\modules-2\files-2.1\net.minecraftforge\JarJarFileSystems\0.3.19\2464eb7d6b9ddb9db36a82cf8a95193e5c6fe020\JarJarFileSystems-0.3.19.jar --add-modules=ALL-MODULE-PATH --add-opens=java.base/java.util.jar=cpw.mods.securejarhandler --add-opens=java.base/java.lang.invoke=cpw.mods.securejarhandler --add-exports=java.base/sun.security.util=cpw.mods.securejarhandler --add-exports=jdk.naming.dns/com.sun.jndi.dns=java.naming -XX:HeapDumpPath=MojangTricksIntelDriversForPerformance_javaw.exe_minecraft.exe.heapdump -Dfile.encoding=UTF-8 -Duser.country=US -Duser.language=en -Duser.variant 
java_command: cpw.mods.bootstraplauncher.BootstrapLauncher --launchTarget forgeclientuserdev --version MOD_DEV --assetIndex 5 --assetsDir C:\Users\Asus\.mcreator\gradle\caches\forge_gradle\assets --gameDir . --fml.forgeVersion 47.3.0 --fml.mcVersion 1.20.1 --fml.forgeGroup net.minecraftforge --fml.mcpVersion 20230612.114412
java_class_path (initial): C:\Users\Asus\MCreatorWorkspaces\extra_building_blocks\build\classes\java\main;C:\Users\Asus\MCreatorWorkspaces\extra_building_blocks\build\resources\main;C:\Users\Asus\MCreatorWorkspaces\extra_building_blocks\build\fg_cache\net\minecraftforge\forge\1.20.1-47.3.0_mapped_official_1.20.1\forge-1.20.1-47.3.0_mapped_official_1.20.1-recomp.jar;C:\Users\Asus\.mcreator\gradle\caches\forge_gradle\minecraft_repo\versions\1.20.1\client-extra.jar;C:\Users\Asus\.mcreator\gradle\caches\modules-2\files-2.1\net.minecraftforge\fmlearlydisplay\1.20.1-47.3.0\91e33682894f35862e9ce29d633e3258120952f0\fmlearlydisplay-1.20.1-47.3.0.jar;C:\Users\Asus\.mcreator\gradle\caches\modules-2\files-2.1\net.minecraftforge\javafmllanguage\1.20.1-47.3.0\d7ebc62120f202109e300e084ca1a31a7b946a62\javafmllanguage-1.20.1-47.3.0.jar;C:\Users\Asus\.mcreator\gradle\caches\modules-2\files-2.1\net.minecraftforge\lowcodelanguage\1.20.1-47.3.0\1bf3e845ea0ce750096da8c71c8364b188ab74d4\lowcodelanguage-1.20.1-47.3.0.jar;C:\Users\Asus\.mcreator\gradle\caches\modules-2\files-2.1\net.minecraftforge\mclanguage\1.20.1-47.3.0\6093682e943ddccbabf70539319d7f2fe64db2e7\mclanguage-1.20.1-47.3.0.jar;C:\Users\Asus\.mcreator\gradle\caches\modules-2\files-2.1\net.minecraftforge\fmlcore\1.20.1-47.3.0\3b6be96aba3e323f3c918e8ef6a96312d82d76ad\fmlcore-1.20.1-47.3.0.jar;C:\Users\Asus\.mcreator\gradle\caches\modules-2\files-2.1\net.minecraftforge\fmlloader\1.20.1-47.3.0\547850469c8a336b4c60cb8619f6cd421e9e5f55\fmlloader-1.20.1-47.3.0.jar;C:\Users\Asus\.mcreator\gradle\caches\modules-2\files-2.1\net.minecraftforge\JarJarSelector\0.3.19\376cc9c8ea60720cf027c01fc033de915699801c\JarJarSelector-0.3.19.jar;C:\Users\Asus\.mcreator\gradle\caches\modules-2\files-2.1\net.minecraftforge\JarJarMetadata\0.3.19\83feaa9b770e6ac0e96ee4fc23fa89325c5fe2\JarJarMetadata-0.3.19.jar;C:\Users\Asus\.mcreator\gradle\caches\modules-2\files-2.1\com.google.guava\guava\31.1-jre\60458f877d055d0c9114d9e1a2efb737b4bc282c\guava-31.1-jre.j
Launcher Type: SUN_STANDARD

[Global flags]
     intx CICompilerCount                          = 12                                        {product} {ergonomic}
     uint ConcGCThreads                            = 3                                         {product} {ergonomic}
     uint G1ConcRefinementThreads                  = 13                                        {product} {ergonomic}
   size_t G1HeapRegionSize                         = 2097152                                   {product} {ergonomic}
    uintx GCDrainStackTargetSize                   = 64                                        {product} {ergonomic}
    ccstr HeapDumpPath                             = MojangTricksIntelDriversForPerformance_javaw.exe_minecraft.exe.heapdump         {manageable} {command line}
   size_t InitialHeapSize                          = 260046848                                 {product} {ergonomic}
     bool ManagementServer                         = true                                      {product} {command line}
   size_t MarkStackSize                            = 4194304                                   {product} {ergonomic}
   size_t MaxHeapSize                              = 4139778048                                {product} {ergonomic}
   size_t MaxNewSize                               = 2483027968                                {product} {ergonomic}
   size_t MinHeapDeltaBytes                        = 2097152                                   {product} {ergonomic}
   size_t MinHeapSize                              = 8388608                                   {product} {ergonomic}
    uintx NonNMethodCodeHeapSize                   = 7602480                                {pd product} {ergonomic}
    uintx NonProfiledCodeHeapSize                  = 122027880                              {pd product} {ergonomic}
    uintx ProfiledCodeHeapSize                     = 122027880                              {pd product} {ergonomic}
    uintx ReservedCodeCacheSize                    = 251658240                              {pd product} {ergonomic}
     bool SegmentedCodeCache                       = true                                      {product} {ergonomic}
   size_t SoftMaxHeapSize                          = 4139778048                             {manageable} {ergonomic}
     bool UseCompressedClassPointers               = true                           {product lp64_product} {ergonomic}
     bool UseCompressedOops                        = true                           {product lp64_product} {ergonomic}
     bool UseG1GC                                  = true                                      {product} {ergonomic}
     bool UseLargePagesIndividualAllocation        = false                                  {pd product} {ergonomic}

Logging:
Log output configuration:
 #0: stdout all=warning uptime,level,tags
 #1: stderr all=off uptime,level,tags

Environment Variables:
JAVA_HOME=C:\Program Files\Pylo\MCreator\jdk
PATH=C:\Program Files\Common Files\Oracle\Java\javapath;C:\Program Files (x86)\Common Files\Oracle\Java\java8path;C:\Program Files (x86)\Common Files\Oracle\Java\javapath;C:\ProgramData\Oracle\Java\javapath;C:\Windows\system32;C:\Windows;C:\Windows\System32\Wbem;C:\Windows\System32\WindowsPowerShell\v1.0\;C:\Windows\System32\OpenSSH\;C:\Program Files\Calibre2\;C:\Program Files\Git\cmd;C:\Program Files\nodejs\;C:\Users\Asus\AppData\Local\Microsoft\WindowsApps;;C:\Users\Asus\AppData\Local\Programs\Microsoft VS Code\bin;C:\Users\Asus\AppData\Roaming\npm;C:\Program Files\Pylo\MCreator\jdk\bin
USERNAME=Asus
OS=Windows_NT
PROCESSOR_IDENTIFIER=AMD64 Family 23 Model 96 Stepping 1, AuthenticAMD
TMP=C:\Users\Asus\AppData\Local\Temp
TEMP=C:\Users\Asus\AppData\Local\Temp



Periodic native trim disabled


---------------  S Y S T E M  ---------------

OS:
 Windows 10 , 64 bit Build 19041 (10.0.19041.5438)
OS uptime: 5 days 4:10 hours

CPU: total 16 (initial active 16) (16 cores per cpu, 2 threads per core) family 23 model 96 stepping 1 microcode 0x0, cx8, cmov, fxsr, ht, mmx, 3dnowpref, sse, sse2, sse3, ssse3, sse4a, sse4.1, sse4.2, popcnt, lzcnt, tsc, tscinvbit, avx, avx2, aes, clmul, bmi1, bmi2, adx, sha, fma, vzeroupper, clflush, clflushopt
Processor Information for all 16 processors :
  Max Mhz: 2900, Current Mhz: 2900, Mhz Limit: 2900

Memory: 4k page, system-wide physical 15791M (641M free)
TotalPageFile size 38473M (AvailPageFile size 103M)
current process WorkingSet (physical memory assigned to process): 682M, peak: 687M
current process commit charge ("private bytes"): 816M, peak: 1136M

vm_info: OpenJDK 64-Bit Server VM (17.0.14+7) for windows-amd64 JRE (17.0.14+7), built on Jan 21 2025 23:40:15 by "admin" with MS VC++ 17.7 (VS2022)

END.
